Change Component DesignItemId : Designator=C4 Old DesignItemId=0805 1uF (105) 10% 50V New DesignItemId=0603 1uF (105) 10% 50V
Change Component DesignItemId : Designator=C2 Old DesignItemId=0805 22uF (226) 20% 25V New DesignItemId=0603 22uF (226) 20% 6.3V
Change Component DesignItemId : Designator=C3 Old DesignItemId=0805 22uF (226) 20% 25V New DesignItemId=0603 22uF (226) 20% 6.3V
Change Component DesignItemId : Designator=C5 Old DesignItemId=0805 22uF (226) 20% 25V New DesignItemId=0603 22uF (226) 20% 6.3V
Change Component DesignItemId : Designator=C6 Old DesignItemId=0805 22uF (226) 20% 25V New DesignItemId=0603 22uF (226) 20% 6.3V
Change Component DesignItemId : Designator=C7 Old DesignItemId=0805 22uF (226) 20% 25V New DesignItemId=0603 22uF (226) 20% 6.3V
Change Component Footprint: Designator=C2 Old Footprint=0805_C New Footprint=0603_C
Change Component Footprint: Designator=C3 Old Footprint=0805_C New Footprint=0603_C
Change Component Footprint: Designator=C4 Old Footprint=0805_C New Footprint=0603_C
Change Component Footprint: Designator=C5 Old Footprint=0805_C New Footprint=0603_C
Change Component Footprint: Designator=C6 Old Footprint=0805_C New Footprint=0603_C
Change Component Footprint: Designator=C7 Old Footprint=0805_C New Footprint=0603_C
Change Component Comment : Designator=C4 Old Comment=1uF 50V New Comment=1uF 0603
Change Component Comment : Designator=C2 Old Comment=22uF 25V New Comment=22uF 0603
Change Component Comment : Designator=C3 Old Comment=22uF 25V New Comment=22uF 0603
Change Component Comment : Designator=C5 Old Comment=22uF New Comment=22uF 0603
Change Component Comment : Designator=C6 Old Comment=22uF New Comment=22uF 0603
Change Component Comment : Designator=C7 Old Comment=22uF New Comment=22uF 0603
Change component parameters: Designator = "C2" ("C2"); Footprint = "0805_C"; UniqueID = "\LSQHKUVV" ("\LSQHKUVV")
Change component parameters (AddParameter): Name = "ComponentLink1Description"; Value = "供应商链接"; VariantName = "[No Variations]"
Change component parameters (AddParameter): Name = "ComponentLink1URL"; Value = "http://www.szlcsc.com/product/details_60514.html"; VariantName = "[No Variations]"
Change component parameters (AddParameter): Name = "Notepad"; Value = ""; VariantName = "[No Variations]"
Change component parameters (AddParameter): Name = "Package"; Value = "0603"; VariantName = "[No Variations]"
Change component parameters (AddParameter): Name = "Supplier"; Value = "LC"; VariantName = "[No Variations]"
Change component parameters (AddParameter): Name = "SuppliersPartNumber"; Value = "C59461"; VariantName = "[No Variations]"
Change component parameters: Designator = "C3" ("C3"); Footprint = "0805_C"; UniqueID = "\IOUCYNCS" ("\IOUCYNCS")
Change component parameters (AddParameter): Name = "ComponentLink1Description"; Value = "供应商链接"; VariantName = "[No Variations]"
Change component parameters (AddParameter): Name = "ComponentLink1URL"; Value = "http://www.szlcsc.com/product/details_60514.html"; VariantName = "[No Variations]"
Change component parameters (AddParameter): Name = "Notepad"; Value = ""; VariantName = "[No Variations]"
Change component parameters (AddParameter): Name = "Package"; Value = "0603"; VariantName = "[No Variations]"
Change component parameters (AddParameter): Name = "Supplier"; Value = "LC"; VariantName = "[No Variations]"
Change component parameters (AddParameter): Name = "SuppliersPartNumber"; Value = "C59461"; VariantName = "[No Variations]"
Change component parameters: Designator = "C4" ("C4"); Footprint = "0805_C"; UniqueID = "\IAETRHJU" ("\IAETRHJU")
Change component parameters (AddParameter): Name = "ComponentLink1Description"; Value = "供应商链接"; VariantName = "[No Variations]"
Change component parameters (AddParameter): Name = "ComponentLink1URL"; Value = "http://www.szlcsc.com/product/details_16531.html"; VariantName = "[No Variations]"
Change component parameters (AddParameter): Name = "Notepad"; Value = ""; VariantName = "[No Variations]"
Change component parameters (AddParameter): Name = "Package"; Value = "0603"; VariantName = "[No Variations]"
Change component parameters (AddParameter): Name = "Supplier"; Value = "LC"; VariantName = "[No Variations]"
Change component parameters (AddParameter): Name = "SuppliersPartNumber"; Value = "C15849"; VariantName = "[No Variations]"
Change component parameters: Designator = "C5" ("C5"); Footprint = "0805_C"; UniqueID = "\MFGJYPDA" ("\MFGJYPDA")
Change component parameters (AddParameter): Name = "ComponentLink1Description"; Value = "供应商链接"; VariantName = "[No Variations]"
Change component parameters (AddParameter): Name = "ComponentLink1URL"; Value = "http://www.szlcsc.com/product/details_60514.html"; VariantName = "[No Variations]"
Change component parameters (AddParameter): Name = "Notepad"; Value = ""; VariantName = "[No Variations]"
Change component parameters (AddParameter): Name = "Package"; Value = "0603"; VariantName = "[No Variations]"
Change component parameters (AddParameter): Name = "Supplier"; Value = "LC"; VariantName = "[No Variations]"
Change component parameters (AddParameter): Name = "SuppliersPartNumber"; Value = "C59461"; VariantName = "[No Variations]"
Change component parameters: Designator = "C6" ("C6"); Footprint = "0805_C"; UniqueID = "\DLXUGOGF" ("\DLXUGOGF")
Change component parameters (AddParameter): Name = "ComponentLink1Description"; Value = "供应商链接"; VariantName = "[No Variations]"
Change component parameters (AddParameter): Name = "ComponentLink1URL"; Value = "http://www.szlcsc.com/product/details_60514.html"; VariantName = "[No Variations]"
Change component parameters (AddParameter): Name = "Notepad"; Value = ""; VariantName = "[No Variations]"
Change component parameters (AddParameter): Name = "Package"; Value = "0603"; VariantName = "[No Variations]"
Change component parameters (AddParameter): Name = "Supplier"; Value = "LC"; VariantName = "[No Variations]"
Change component parameters (AddParameter): Name = "SuppliersPartNumber"; Value = "C59461"; VariantName = "[No Variations]"
Change component parameters: Designator = "C7" ("C7"); Footprint = "0805_C"; UniqueID = "\YLHAXMQT" ("\YLHAXMQT")
Change component parameters (AddParameter): Name = "ComponentLink1Description"; Value = "供应商链接"; VariantName = "[No Variations]"
Change component parameters (AddParameter): Name = "ComponentLink1URL"; Value = "http://www.szlcsc.com/product/details_60514.html"; VariantName = "[No Variations]"
Change component parameters (AddParameter): Name = "Notepad"; Value = ""; VariantName = "[No Variations]"
Change component parameters (AddParameter): Name = "Package"; Value = "0603"; VariantName = "[No Variations]"
Change component parameters (AddParameter): Name = "Supplier"; Value = "LC"; VariantName = "[No Variations]"
Change component parameters (AddParameter): Name = "SuppliersPartNumber"; Value = "C59461"; VariantName = "[No Variations]"
