Removed Pin From Net: NetName=PWR_3V3 Pin=D9-1
Removed Pin From Net: NetName=433_LIG Pin=R18-1
Removed Pin From Net: NetName=4G_LIG Pin=R21-2
Removed Pin From Net: NetName=4G_LIG Pin=U25-32
Change Component DesignItemId : Designator=R45 Old DesignItemId=0402 0Ω (0R0) 1% New DesignItemId=0402 1KΩ (1001) 1%
Change Component DesignItemId : Designator=R46 Old DesignItemId=0402 0Ω (0R0) 1% New DesignItemId=0402 1KΩ (1001) 1%
Change Component Comment : Designator=R45 Old Comment=0Ω New Comment=1KΩ
Change Component Comment : Designator=R46 Old Comment=0Ω New Comment=1KΩ
Change component parameters: Designator = "R45" ("R45"); Footprint = "0402_R"; UniqueID = "\XVFPBHFZ" ("\XVFPBHFZ")
Change component parameters (AddParameter): Name = "ComponentLink1Description"; Value = "供应商链接"; VariantName = "[No Variations]"
Change component parameters (AddParameter): Name = "ComponentLink1URL"; Value = "http://www.szlcsc.com/product/details_12256.html"; VariantName = "[No Variations]"
Change component parameters (AddParameter): Name = "Notepad"; Value = ""; VariantName = "[No Variations]"
Change component parameters (AddParameter): Name = "Package"; Value = "0402"; VariantName = "[No Variations]"
Change component parameters (AddParameter): Name = "Supplier"; Value = "LC"; VariantName = "[No Variations]"
Change component parameters (AddParameter): Name = "SuppliersPartNumber"; Value = "C11702"; VariantName = "[No Variations]"
Change component parameters: Designator = "R46" ("R46"); Footprint = "0402_R"; UniqueID = "\MYKHNHSC" ("\MYKHNHSC")
Change component parameters (AddParameter): Name = "ComponentLink1Description"; Value = "供应商链接"; VariantName = "[No Variations]"
Change component parameters (AddParameter): Name = "ComponentLink1URL"; Value = "http://www.szlcsc.com/product/details_12256.html"; VariantName = "[No Variations]"
Change component parameters (AddParameter): Name = "Notepad"; Value = ""; VariantName = "[No Variations]"
Change component parameters (AddParameter): Name = "Package"; Value = "0402"; VariantName = "[No Variations]"
Change component parameters (AddParameter): Name = "Supplier"; Value = "LC"; VariantName = "[No Variations]"
Change component parameters (AddParameter): Name = "SuppliersPartNumber"; Value = "C11702"; VariantName = "[No Variations]"
Added Pin To Net: NetName=433_LIG Pin=D9-1
Added Pin To Net: NetName=4G_LIG Pin=R18-1
Added Pin To Net: NetName=GND Pin=R21-2
Added Pin To Net: NetName=4G_LIG Pin=U25-42
