Removed Pin From Net: NetName=UART4_RXD Pin=U34-1
Removed Pin From Net: NetName=UART4_TXD Pin=U34-2
Added Component: Designator=R64(0402_R)
Add component (AddParameter): Name = "ComponentLink1Description"; Value = "供应商链接"; VariantName = "[No Variations]"
Add component (AddParameter): Name = "ComponentLink1URL"; Value = "http://www.szlcsc.com/product/details_17853.html"; VariantName = "[No Variations]"
Add component (AddParameter): Name = "Notepad"; Value = ""; VariantName = "[No Variations]"
Add component (AddParameter): Name = "Package"; Value = "0402"; VariantName = "[No Variations]"
Add component (AddParameter): Name = "Supplier"; Value = "LC"; VariantName = "[No Variations]"
Add component (AddParameter): Name = "SuppliersPartNumber"; Value = "C17168"; VariantName = "[No Variations]"
Added Component: Designator=R67(0402_R)
Add component (AddParameter): Name = "ComponentLink1Description"; Value = "供应商链接"; VariantName = "[No Variations]"
Add component (AddParameter): Name = "ComponentLink1URL"; Value = "http://www.szlcsc.com/product/details_17853.html"; VariantName = "[No Variations]"
Add component (AddParameter): Name = "Notepad"; Value = ""; VariantName = "[No Variations]"
Add component (AddParameter): Name = "Package"; Value = "0402"; VariantName = "[No Variations]"
Add component (AddParameter): Name = "Supplier"; Value = "LC"; VariantName = "[No Variations]"
Add component (AddParameter): Name = "SuppliersPartNumber"; Value = "C17168"; VariantName = "[No Variations]"
Added Pin To Net: NetName=UART4_RXD Pin=R64-2
Added Pin To Net: NetName=UART4_TXD Pin=R67-2
Added Pin To Net: NetName=NetR64_1 Pin=R64-1
Added Pin To Net: NetName=NetR64_1 Pin=U34-1
Added Net: Name=NetR64_1
Added Pin To Net: NetName=NetR67_1 Pin=R67-1
Added Pin To Net: NetName=NetR67_1 Pin=U34-2
Added Net: Name=NetR67_1
Added Member To Class: ClassName=G3-Sensor Member=Component R64 0Ω
Added Member To Class: ClassName=G3-Sensor Member=Component R67 0Ω
