Removed Pin From Net: NetName=PWR_5V Pin=C16-2
Removed Pin From Net: NetName=PWR_5V Pin=C17-2
Removed Pin From Net: NetName=PWR_5V Pin=C18-2
Removed Pin From Net: NetName=PWR_12V Pin=C27-2
Removed Pin From Net: NetName=PWR_12V Pin=C28-2
Removed Pin From Net: NetName=PWR_12V Pin=C29-2
Removed Pin From Net: NetName=GND Pin=D2-1
Removed Pin From Net: NetName=PWR_5V Pin=D2-2
Removed Pin From Net: NetName=GND Pin=D3-1
Removed Pin From Net: NetName=PWR_12V Pin=D3-2
Removed Pin From Net: NetName=PWR_5V Pin=U13-2
Removed Pin From Net: NetName=PWR_12V Pin=U15-2
Removed Member From Class: ClassName=G2-PMS Member=D2
Removed Member From Class: ClassName=G2-PMS Member=D3
Change Component DesignItemId : Designator=C18 Old DesignItemId=0805 1uF (105) 10% 50V New DesignItemId=0603 1uF (105) 10% 50V
Change Component DesignItemId : Designator=C16 Old DesignItemId=0805 22uF (226) 20% 25V New DesignItemId=0603 22uF (226) 20% 6.3V
Change Component DesignItemId : Designator=C17 Old DesignItemId=0805 22uF (226) 20% 25V New DesignItemId=0603 22uF (226) 20% 6.3V
Change Component Footprint: Designator=C16 Old Footprint=0805_C New Footprint=0603_C
Change Component Footprint: Designator=C17 Old Footprint=0805_C New Footprint=0603_C
Change Component Footprint: Designator=C18 Old Footprint=0805_C New Footprint=0603_C
Change Component Comment : Designator=C18 Old Comment=1uF 0805 New Comment=1uF 0603
Change Component Comment : Designator=C16 Old Comment=22uF 0805 New Comment=22uF 0603
Change Component Comment : Designator=C17 Old Comment=22uF 0805 New Comment=22uF 0603
Change component parameters: Designator = "C16" ("C16"); Footprint = "0805_C"; UniqueID = "\YSSDLCRB" ("\YSSDLCRB")
Change component parameters (AddParameter): Name = "ComponentLink1Description"; Value = "供应商链接"; VariantName = "[No Variations]"
Change component parameters (AddParameter): Name = "ComponentLink1URL"; Value = "http://www.szlcsc.com/product/details_60514.html"; VariantName = "[No Variations]"
Change component parameters (AddParameter): Name = "Notepad"; Value = ""; VariantName = "[No Variations]"
Change component parameters (AddParameter): Name = "Package"; Value = "0603"; VariantName = "[No Variations]"
Change component parameters (AddParameter): Name = "Supplier"; Value = "LC"; VariantName = "[No Variations]"
Change component parameters (AddParameter): Name = "SuppliersPartNumber"; Value = "C59461"; VariantName = "[No Variations]"
Change component parameters: Designator = "C17" ("C17"); Footprint = "0805_C"; UniqueID = "\SSJGNUEH" ("\SSJGNUEH")
Change component parameters (AddParameter): Name = "ComponentLink1Description"; Value = "供应商链接"; VariantName = "[No Variations]"
Change component parameters (AddParameter): Name = "ComponentLink1URL"; Value = "http://www.szlcsc.com/product/details_60514.html"; VariantName = "[No Variations]"
Change component parameters (AddParameter): Name = "Notepad"; Value = ""; VariantName = "[No Variations]"
Change component parameters (AddParameter): Name = "Package"; Value = "0603"; VariantName = "[No Variations]"
Change component parameters (AddParameter): Name = "Supplier"; Value = "LC"; VariantName = "[No Variations]"
Change component parameters (AddParameter): Name = "SuppliersPartNumber"; Value = "C59461"; VariantName = "[No Variations]"
Change component parameters: Designator = "C18" ("C18"); Footprint = "0805_C"; UniqueID = "\EAROWGCP" ("\EAROWGCP")
Change component parameters (AddParameter): Name = "ComponentLink1Description"; Value = "供应商链接"; VariantName = "[No Variations]"
Change component parameters (AddParameter): Name = "ComponentLink1URL"; Value = "http://www.szlcsc.com/product/details_16531.html"; VariantName = "[No Variations]"
Change component parameters (AddParameter): Name = "Notepad"; Value = ""; VariantName = "[No Variations]"
Change component parameters (AddParameter): Name = "Package"; Value = "0603"; VariantName = "[No Variations]"
Change component parameters (AddParameter): Name = "Supplier"; Value = "LC"; VariantName = "[No Variations]"
Change component parameters (AddParameter): Name = "SuppliersPartNumber"; Value = "C15849"; VariantName = "[No Variations]"
Added Component: Designator=D?(SMAJ12A)
Added Pin To Net: NetName=PWR_12V Pin=C16-2
Added Pin To Net: NetName=PWR_12V Pin=C17-2
Added Pin To Net: NetName=PWR_12V Pin=C18-2
Added Pin To Net: NetName=PWR_5V Pin=C27-2
Added Pin To Net: NetName=PWR_5V Pin=C28-2
Added Pin To Net: NetName=PWR_5V Pin=C29-2
Added Pin To Net: NetName=GND Pin=D?-1
Added Pin To Net: NetName=PWR_12V Pin=D?-2
Added Pin To Net: NetName=PWR_12V Pin=U13-2
Added Pin To Net: NetName=PWR_5V Pin=U15-2
Added Member To Class: ClassName=G2-PMS Member=Component D? SMAJ12A
Added Member To Class: ClassName=G2-PMS Member=Component U12 MP2236
Added Room: Name=G1-CM4
Added Room: Name=G2-PMS
Added Room: Name=G3-Sensor
Added Room: Name=G4-Coral
