Removed Pin From Net: NetName=UART5_TXD Pin=R60-1
Removed Pin From Net: NetName=UART5_RXD Pin=R62-1
Removed Pin From Net: NetName=GND Pin=R66-2
Removed Pin From Net: NetName=4G_RESET Pin=U9-25
Removed Pin From Net: NetName=LORA_RESET Pin=U9-27
Removed Pin From Net: NetName=UART0_RXD Pin=U32-10
Removed Pin From Net: NetName=UART0_TXD Pin=U32-11
Removed Member From Class: ClassName=G2-PMS Member=R6
Removed Member From Class: ClassName=G2-PMS Member=R66
Removed Member From Class: ClassName=G2-PMS Member=U10
Change Component Comment : Designator=R66 Old Comment=5.1KΩ New Comment=47KΩ 0402
Change component parameters: Designator = "R66" ("R66"); Footprint = "0402_R"; UniqueID = "\IKJERCLM" ("\IKJERCLM")
Change component parameters (AddParameter): Name = "ComponentLink1Description"; Value = "供应商链接"; VariantName = "[No Variations]"
Change component parameters (AddParameter): Name = "ComponentLink1URL"; Value = "http://www.szlcsc.com/product/details_26535.html"; VariantName = "[No Variations]"
Change component parameters (AddParameter): Name = "Notepad"; Value = ""; VariantName = "[No Variations]"
Change component parameters (AddParameter): Name = "Package"; Value = "0402"; VariantName = "[No Variations]"
Change component parameters (AddParameter): Name = "Supplier"; Value = "LC"; VariantName = "[No Variations]"
Change component parameters (AddParameter): Name = "SuppliersPartNumber"; Value = "C25792"; VariantName = "[No Variations]"
Added Component: Designator=C92(0402_C)
Add component (AddParameter): Name = "ComponentLink1Description"; Value = "供应商链接"; VariantName = "[No Variations]"
Add component (AddParameter): Name = "ComponentLink1URL"; Value = "http://www.szlcsc.com/product/details_1877.html"; VariantName = "[No Variations]"
Add component (AddParameter): Name = "Notepad"; Value = ""; VariantName = "[No Variations]"
Add component (AddParameter): Name = "Package"; Value = "0402"; VariantName = "[No Variations]"
Add component (AddParameter): Name = "Supplier"; Value = "LC"; VariantName = "[No Variations]"
Add component (AddParameter): Name = "SuppliersPartNumber"; Value = "C1525"; VariantName = "[No Variations]"
Added Component: Designator=C104(0402_C)
Add component (AddParameter): Name = "ComponentLink1Description"; Value = "供应商链接"; VariantName = "[No Variations]"
Add component (AddParameter): Name = "ComponentLink1URL"; Value = "http://www.szlcsc.com/product/details_1877.html"; VariantName = "[No Variations]"
Add component (AddParameter): Name = "Notepad"; Value = ""; VariantName = "[No Variations]"
Add component (AddParameter): Name = "Package"; Value = "0402"; VariantName = "[No Variations]"
Add component (AddParameter): Name = "Supplier"; Value = "LC"; VariantName = "[No Variations]"
Add component (AddParameter): Name = "SuppliersPartNumber"; Value = "C1525"; VariantName = "[No Variations]"
Added Component: Designator=C105(0402_C)
Add component (AddParameter): Name = "ComponentLink1Description"; Value = "供应商链接"; VariantName = "[No Variations]"
Add component (AddParameter): Name = "ComponentLink1URL"; Value = "http://www.szlcsc.com/product/details_1877.html"; VariantName = "[No Variations]"
Add component (AddParameter): Name = "Notepad"; Value = ""; VariantName = "[No Variations]"
Add component (AddParameter): Name = "Package"; Value = "0402"; VariantName = "[No Variations]"
Add component (AddParameter): Name = "Supplier"; Value = "LC"; VariantName = "[No Variations]"
Add component (AddParameter): Name = "SuppliersPartNumber"; Value = "C1525"; VariantName = "[No Variations]"
Added Component: Designator=R76(0402_R)
Add component (AddParameter): Name = "ComponentLink1Description"; Value = "供应商链接"; VariantName = "[No Variations]"
Add component (AddParameter): Name = "ComponentLink1URL"; Value = "http://www.szlcsc.com/product/details_26648.html"; VariantName = "[No Variations]"
Add component (AddParameter): Name = "Notepad"; Value = ""; VariantName = "[No Variations]"
Add component (AddParameter): Name = "Package"; Value = "0402"; VariantName = "[No Variations]"
Add component (AddParameter): Name = "Supplier"; Value = "LC"; VariantName = "[No Variations]"
Add component (AddParameter): Name = "SuppliersPartNumber"; Value = "C25905"; VariantName = "[No Variations]"
Added Component: Designator=U44(FSUSB42MUX)
Added Component: Designator=U45(CH330N)
Added Pin To Net: NetName=GND Pin=C92-1
Added Pin To Net: NetName=PWR_3V3 Pin=C92-2
Added Pin To Net: NetName=GND Pin=C104-2
Added Pin To Net: NetName=GND Pin=C105-1
Added Pin To Net: NetName=PWR_5V Pin=C105-2
Added Pin To Net: NetName=PWR_3V3 Pin=R66-1
Added Pin To Net: NetName=PI_BOOT Pin=R66-2
Added Pin To Net: NetName=GND Pin=R76-2
Added Pin To Net: NetName=LORA_RESET Pin=U9-37
Added Pin To Net: NetName=4G_RESET Pin=U9-44
Added Pin To Net: NetName=UART5_RXD Pin=U32-10
Added Pin To Net: NetName=UART5_TXD Pin=U32-11
Added Pin To Net: NetName=PWR_3V3 Pin=U44-1
Added Pin To Net: NetName=PI_BOOT Pin=U44-2
Added Pin To Net: NetName=GND Pin=U44-5
Added Pin To Net: NetName=GND Pin=U44-10
Added Pin To Net: NetName=GND Pin=U45-3
Added Pin To Net: NetName=PWR_5V Pin=U45-5
Added Pin To Net: NetName=UART0_RXD Pin=U45-6
Added Pin To Net: NetName=UART0_TXD Pin=U45-7
Added Pin To Net: NetName=NetC104_1 Pin=C104-1
Added Pin To Net: NetName=NetC104_1 Pin=U45-8
Added Net: Name=NetC104_1
Added Pin To Net: NetName=NetR76_1 Pin=R76-1
Added Pin To Net: NetName=NetR76_1 Pin=U10-B5
Added Net: Name=NetR76_1
Added Pin To Net: NetName=SPI1_433 Pin=U9-50
Added Pin To Net: NetName=SPI1_433 Pin=U26-7
Added Net: Name=SPI1_433
Added Pin To Net: NetName=SPI1_LORA Pin=U9-49
Added Pin To Net: NetName=SPI1_LORA Pin=U24-51
Added Net: Name=SPI1_LORA
Added Pin To Net: NetName=SPI1_MISO Pin=U9-26
Added Pin To Net: NetName=SPI1_MISO Pin=U24-47
Added Pin To Net: NetName=SPI1_MISO Pin=U26-4
Added Net: Name=SPI1_MISO
Added Pin To Net: NetName=SPI1_MOSI Pin=U9-27
Added Pin To Net: NetName=SPI1_MOSI Pin=U24-49
Added Pin To Net: NetName=SPI1_MOSI Pin=U26-2
Added Net: Name=SPI1_MOSI
Added Pin To Net: NetName=SPI1_SCK Pin=U9-25
Added Pin To Net: NetName=SPI1_SCK Pin=U24-45
Added Pin To Net: NetName=SPI1_SCK Pin=U26-3
Added Net: Name=SPI1_SCK
Added Pin To Net: NetName=UART4_RXD Pin=R62-1
Added Pin To Net: NetName=UART4_RXD Pin=U9-40
Added Net: Name=UART4_RXD
Added Pin To Net: NetName=UART4_TXD Pin=R60-1
Added Pin To Net: NetName=UART4_TXD Pin=U9-39
Added Net: Name=UART4_TXD
Added Pin To Net: NetName=USB_CM4_N Pin=U9-103
Added Pin To Net: NetName=USB_CM4_N Pin=U44-6
Added Net: Name=USB_CM4_N
Added Pin To Net: NetName=USB_CM4_P Pin=U9-105
Added Pin To Net: NetName=USB_CM4_P Pin=U44-7
Added Net: Name=USB_CM4_P
Added Pin To Net: NetName=USB_PC_N Pin=U10-A7
Added Pin To Net: NetName=USB_PC_N Pin=U10-B7
Added Pin To Net: NetName=USB_PC_N Pin=U44-4
Added Net: Name=USB_PC_N
Added Pin To Net: NetName=USB_PC_P Pin=U10-A6
Added Pin To Net: NetName=USB_PC_P Pin=U10-B6
Added Pin To Net: NetName=USB_PC_P Pin=U44-3
Added Net: Name=USB_PC_P
Added Pin To Net: NetName=USB_UART0_N Pin=U44-8
Added Pin To Net: NetName=USB_UART0_N Pin=U45-2
Added Net: Name=USB_UART0_N
Added Pin To Net: NetName=USB_UART0_P Pin=U44-9
Added Pin To Net: NetName=USB_UART0_P Pin=U45-1
Added Net: Name=USB_UART0_P
Added Differential Pair: Name=USB_CM4
Added Differential Pair: Name=USB_PC
Added Member To Class: ClassName=G1-CM4 Member=Component C92 100nF 0402
Added Member To Class: ClassName=G1-CM4 Member=Component C104 100nF 0402
Added Member To Class: ClassName=G1-CM4 Member=Component C105 100nF 0402
Added Member To Class: ClassName=G2-PMS Member=Component D2 SMAJ5A
Added Member To Class: ClassName=G1-CM4 Member=Component R6 5.1KΩ
Added Member To Class: ClassName=G1-CM4 Member=Component R66 47KΩ 0402
Added Member To Class: ClassName=G1-CM4 Member=Component R76 5.1KΩ
Added Member To Class: ClassName=G1-CM4 Member=Component U10 Type-C
Added Member To Class: ClassName=G1-CM4 Member=Component U44 FSUSB42MUX
Added Member To Class: ClassName=G1-CM4 Member=Component U45 CH330N
