Removed Pin From Net: NetName=1PPS Pin=R1-1
Removed Pin From Net: NetName=PWR_3V3 Pin=R3-1
Removed Pin From Net: NetName=LORA_LIG Pin=R36-2
Removed Pin From Net: NetName=433_LIG Pin=R40-1
Removed Pin From Net: NetName=LED_PWR Pin=U2-6
Removed Pin From Net: NetName=LED_ACT Pin=U2-8
Removed Pin From Net: NetName=LORA_LIG Pin=U27-1
Removed Pin From Net: NetName=GND Pin=U27-2
Removed Pin From Net: NetName=PWR_3V3 Pin=U27-3
Removed Pin From Net: NetName=4G_LIG Pin=U27-4
Removed Pin From Net: NetName=433_LIG Pin=U27-5
Removed Pin From Net: NetName=GND Pin=U27-6
Removed Pin From Net: NetName=ZIGBEE_LIG Pin=U27-7
Removed Pin From Net: NetName=GND Pin=U27-8
Removed Member From Class: ClassName=G1-CM4 Member=R3
Removed Member From Class: ClassName=G3-Sensor Member=R40
Removed Member From Class: ClassName=G1-CM4 Member=U2
Removed Member From Class: ClassName=G3-Sensor Member=U27
Change Component Comment : Designator=R3 Old Comment=1KΩ New Comment=470Ω
Change Component Comment : Designator=R36 Old Comment=470Ω New Comment=1KΩ
Change component parameters: Designator = "R3" ("R3"); Footprint = "0402_R"; UniqueID = "\YFPEIQNC" ("\YFPEIQNC")
Change component parameters (AddParameter): Name = "ComponentLink1Description"; Value = "供应商链接"; VariantName = "[No Variations]"
Change component parameters (AddParameter): Name = "ComponentLink1URL"; Value = "http://www.szlcsc.com/product/details_25860.html"; VariantName = "[No Variations]"
Change component parameters (AddParameter): Name = "Notepad"; Value = ""; VariantName = "[No Variations]"
Change component parameters (AddParameter): Name = "Package"; Value = "0402"; VariantName = "[No Variations]"
Change component parameters (AddParameter): Name = "Supplier"; Value = "LC"; VariantName = "[No Variations]"
Change component parameters (AddParameter): Name = "SuppliersPartNumber"; Value = "C25117"; VariantName = "[No Variations]"
Change component parameters: Designator = "R36" ("R36"); Footprint = "0402_R"; UniqueID = "\HNAXEFCC" ("\HNAXEFCC")
Change component parameters (AddParameter): Name = "ComponentLink1Description"; Value = "供应商链接"; VariantName = "[No Variations]"
Change component parameters (AddParameter): Name = "ComponentLink1URL"; Value = "http://www.szlcsc.com/product/details_12256.html"; VariantName = "[No Variations]"
Change component parameters (AddParameter): Name = "Notepad"; Value = ""; VariantName = "[No Variations]"
Change component parameters (AddParameter): Name = "Package"; Value = "0402"; VariantName = "[No Variations]"
Change component parameters (AddParameter): Name = "Supplier"; Value = "LC"; VariantName = "[No Variations]"
Change component parameters (AddParameter): Name = "SuppliersPartNumber"; Value = "C11702"; VariantName = "[No Variations]"
Added Component: Designator=D3(LED_SIDE)
Added Component: Designator=D6(LED_SIDE)
Added Component: Designator=D7(LED_SIDE)
Added Component: Designator=D8(LED_SIDE)
Added Component: Designator=D9(LED_SIDE)
Added Component: Designator=D10(LED_SIDE)
Added Pin To Net: NetName=NetC1_1 Pin=C1-1
Added Pin To Net: NetName=NetC1_2 Pin=C1-2
Added Pin To Net: NetName=GND Pin=C2-1
Added Pin To Net: NetName=PWR_12V Pin=C2-2
Added Pin To Net: NetName=GND Pin=C3-1
Added Pin To Net: NetName=PWR_12V Pin=C3-2
Added Pin To Net: NetName=GND Pin=C4-1
Added Pin To Net: NetName=PWR_12V Pin=C4-2
Added Pin To Net: NetName=GND Pin=C5-1
Added Pin To Net: NetName=PWR_5V Pin=C5-2
Added Pin To Net: NetName=GND Pin=C6-1
Added Pin To Net: NetName=PWR_5V Pin=C6-2
Added Pin To Net: NetName=GND Pin=C7-1
Added Pin To Net: NetName=PWR_5V Pin=C7-2
Added Pin To Net: NetName=NetC8_1 Pin=C8-1
Added Pin To Net: NetName=PWR_5V Pin=C8-2
Added Pin To Net: NetName=GND Pin=C9-1
Added Pin To Net: NetName=NetC9_2 Pin=C9-2
Added Pin To Net: NetName=GND Pin=C10-1
Added Pin To Net: NetName=NetC10_2 Pin=C10-2
Added Pin To Net: NetName=NetC11_1 Pin=C11-1
Added Pin To Net: NetName=NetC11_2 Pin=C11-2
Added Pin To Net: NetName=GND Pin=C12-1
Added Pin To Net: NetName=PWR_3V3 Pin=C12-2
Added Pin To Net: NetName=GND Pin=C13-1
Added Pin To Net: NetName=PWR_3V3 Pin=C13-2
Added Pin To Net: NetName=GND Pin=C14-1
Added Pin To Net: NetName=PWR_3V3 Pin=C14-2
Added Pin To Net: NetName=NetC15_1 Pin=C15-1
Added Pin To Net: NetName=PWR_3V3 Pin=C15-2
Added Pin To Net: NetName=GND Pin=C16-1
Added Pin To Net: NetName=PWR_5V Pin=C16-2
Added Pin To Net: NetName=GND Pin=C17-1
Added Pin To Net: NetName=PWR_5V Pin=C17-2
Added Pin To Net: NetName=GND Pin=C18-1
Added Pin To Net: NetName=PWR_5V Pin=C18-2
Added Pin To Net: NetName=GND Pin=C19-1
Added Pin To Net: NetName=NetC19_2 Pin=C19-2
Added Pin To Net: NetName=GND Pin=D1-1
Added Pin To Net: NetName=PWR_12V Pin=D1-2
Added Pin To Net: NetName=GND Pin=D2-1
Added Pin To Net: NetName=PWR_5V Pin=D2-2
Added Pin To Net: NetName=LED_ACT Pin=D3-2
Added Pin To Net: NetName=LED_PWR Pin=D6-2
Added Pin To Net: NetName=ZIGBEE_LIG Pin=D7-1
Added Pin To Net: NetName=GND Pin=D7-2
Added Pin To Net: NetName=GND Pin=D8-2
Added Pin To Net: NetName=PWR_3V3 Pin=D9-1
Added Pin To Net: NetName=GND Pin=D10-2
Added Pin To Net: NetName=NetC1_2 Pin=L1-1
Added Pin To Net: NetName=PWR_5V Pin=L1-2
Added Pin To Net: NetName=NetC11_2 Pin=L2-1
Added Pin To Net: NetName=PWR_3V3 Pin=L2-2
Added Pin To Net: NetName=PWR_3V3 Pin=R1-1
Added Pin To Net: NetName=LORA_LIG Pin=R3-1
Added Pin To Net: NetName=NetR4_1 Pin=R4-1
Added Pin To Net: NetName=NetC1_1 Pin=R4-2
Added Pin To Net: NetName=NetC8_1 Pin=R5-1
Added Pin To Net: NetName=PWR_5V Pin=R5-2
Added Pin To Net: NetName=NetR6_1 Pin=R6-1
Added Pin To Net: NetName=GND Pin=R6-2
Added Pin To Net: NetName=GND Pin=R7-1
Added Pin To Net: NetName=NetC8_1 Pin=R7-2
Added Pin To Net: NetName=NetR8_1 Pin=R8-1
Added Pin To Net: NetName=NetC11_1 Pin=R8-2
Added Pin To Net: NetName=NetC15_1 Pin=R9-1
Added Pin To Net: NetName=PWR_3V3 Pin=R9-2
Added Pin To Net: NetName=GND Pin=R10-1
Added Pin To Net: NetName=NetC15_1 Pin=R10-2
Added Pin To Net: NetName=433_LIG Pin=R36-1
Added Pin To Net: NetName=GND Pin=R65-1
Added Pin To Net: NetName=NetR65_2 Pin=R65-2
Added Pin To Net: NetName=PWR_3V3 Pin=R66-1
Added Pin To Net: NetName=PI_BOOT Pin=R66-2
Added Pin To Net: NetName=GND Pin=U10-0
Added Pin To Net: NetName=GND Pin=U10-0
Added Pin To Net: NetName=GND Pin=U10-0
Added Pin To Net: NetName=GND Pin=U10-0
Added Pin To Net: NetName=GND Pin=U10-0
Added Pin To Net: NetName=GND Pin=U10-0
Added Pin To Net: NetName=GND Pin=U10-A1/B12
Added Pin To Net: NetName=PWR_5V Pin=U10-A4/B9
Added Pin To Net: NetName=NetR6_1 Pin=U10-A5
Added Pin To Net: NetName=USB_PC_P Pin=U10-A6
Added Pin To Net: NetName=USB_PC_N Pin=U10-A7
Added Pin To Net: NetName=GND Pin=U10-B1/A12
Added Pin To Net: NetName=PWR_5V Pin=U10-B4/A9
Added Pin To Net: NetName=NetR76_1 Pin=U10-B5
Added Pin To Net: NetName=USB_PC_P Pin=U10-B6
Added Pin To Net: NetName=USB_PC_N Pin=U10-B7
Added Pin To Net: NetName=GND Pin=U11-0
Added Pin To Net: NetName=GND Pin=U11-0
Added Pin To Net: NetName=GND Pin=U11-0
Added Pin To Net: NetName=GND Pin=U11-0
Added Pin To Net: NetName=GND Pin=U11-0
Added Pin To Net: NetName=GND Pin=U11-0
Added Pin To Net: NetName=GND Pin=U11-A1/B12
Added Pin To Net: NetName=PWR_12V Pin=U11-A4/B9
Added Pin To Net: NetName=CC1 Pin=U11-A5
Added Pin To Net: NetName=USB_POWER_P Pin=U11-A6
Added Pin To Net: NetName=USB_POWER_N Pin=U11-A7
Added Pin To Net: NetName=GND Pin=U11-B1/A12
Added Pin To Net: NetName=PWR_12V Pin=U11-B4/A9
Added Pin To Net: NetName=CC2 Pin=U11-B5
Added Pin To Net: NetName=USB_POWER_P Pin=U11-B6
Added Pin To Net: NetName=USB_POWER_N Pin=U11-B7
Added Pin To Net: NetName=GND Pin=U12-1
Added Pin To Net: NetName=PWR_12V Pin=U12-2
Added Pin To Net: NetName=NetC1_2 Pin=U12-3
Added Pin To Net: NetName=GND Pin=U12-4
Added Pin To Net: NetName=NetR4_1 Pin=U12-5
Added Pin To Net: NetName=PWR_12V Pin=U12-6
Added Pin To Net: NetName=NetC9_2 Pin=U12-7
Added Pin To Net: NetName=NetC8_1 Pin=U12-8
Added Pin To Net: NetName=GND Pin=U13-1
Added Pin To Net: NetName=PWR_5V Pin=U13-2
Added Pin To Net: NetName=NetC11_2 Pin=U13-3
Added Pin To Net: NetName=GND Pin=U13-4
Added Pin To Net: NetName=NetR8_1 Pin=U13-5
Added Pin To Net: NetName=NetR72_2 Pin=U13-6
Added Pin To Net: NetName=NetC19_2 Pin=U13-7
Added Pin To Net: NetName=NetC15_1 Pin=U13-8
Added Pin To Net: NetName=LORA_LIG Pin=U24-3
Added Pin To Net: NetName=4G_LIG Pin=U25-33
Added Pin To Net: NetName=433_LIG Pin=U26-6
Added Pin To Net: NetName=CC1 Pin=U37-1
Added Pin To Net: NetName=PWR_12V Pin=U37-2
Added Pin To Net: NetName=NetC10_2 Pin=U37-3
Added Pin To Net: NetName=GND Pin=U37-4
Added Pin To Net: NetName=NetC10_2 Pin=U37-5
Added Pin To Net: NetName=NetC10_2 Pin=U37-6
Added Pin To Net: NetName=NetR65_2 Pin=U37-7
Added Pin To Net: NetName=USB_POWER_P Pin=U37-8
Added Pin To Net: NetName=USB_POWER_N Pin=U37-9
Added Pin To Net: NetName=CC2 Pin=U37-10
Added Pin To Net: NetName=NetD3_1 Pin=D3-1
Added Pin To Net: NetName=NetD3_1 Pin=R1-2
Added Net: Name=NetD3_1
Added Pin To Net: NetName=NetD6_1 Pin=D6-1
Added Pin To Net: NetName=NetD6_1 Pin=R2-2
Added Net: Name=NetD6_1
Added Pin To Net: NetName=NetD8_1 Pin=D8-1
Added Pin To Net: NetName=NetD8_1 Pin=R3-2
Added Net: Name=NetD8_1
Added Pin To Net: NetName=NetD9_2 Pin=D9-2
Added Pin To Net: NetName=NetD9_2 Pin=R21-1
Added Net: Name=NetD9_2
Added Pin To Net: NetName=NetD10_1 Pin=D10-1
Added Pin To Net: NetName=NetD10_1 Pin=R36-2
Added Net: Name=NetD10_1
Added Member To Class: ClassName=G2-PMS Member=Component C1 100nF 16V
Added Member To Class: ClassName=G2-PMS Member=Component C2 22uF 0603
Added Member To Class: ClassName=G2-PMS Member=Component C3 22uF 0603
Added Member To Class: ClassName=G2-PMS Member=Component C4 1uF 0603
Added Member To Class: ClassName=G2-PMS Member=Component C5 22uF 0603
Added Member To Class: ClassName=G2-PMS Member=Component C6 22uF 0603
Added Member To Class: ClassName=G2-PMS Member=Component C7 22uF 0603
Added Member To Class: ClassName=G2-PMS Member=Component C8 220pF 50V
Added Member To Class: ClassName=G2-PMS Member=Component C9 1.0uF 25V
Added Member To Class: ClassName=G2-PMS Member=Component C10 1.0uF (105) 10% 25V
Added Member To Class: ClassName=G2-PMS Member=Component C11 100nF 0402
Added Member To Class: ClassName=G2-PMS Member=Component C12 22uF 0603
Added Member To Class: ClassName=G2-PMS Member=Component C13 22uF 0603
Added Member To Class: ClassName=G2-PMS Member=Component C14 22uF 0603
Added Member To Class: ClassName=G2-PMS Member=Component C15 220pF 0402
Added Member To Class: ClassName=G2-PMS Member=Component C16 22uF 0603
Added Member To Class: ClassName=G2-PMS Member=Component C17 22uF 0603
Added Member To Class: ClassName=G2-PMS Member=Component C18 1uF 0603
Added Member To Class: ClassName=G2-PMS Member=Component C19 1.0uF 0402
Added Member To Class: ClassName=G2-PMS Member=Component D1 SMAJ12A
Added Member To Class: ClassName=G2-PMS Member=Component D2 SMAJ5A
Added Member To Class: ClassName=G1-CM4 Member=Component D3 LED_GREEN
Added Member To Class: ClassName=G1-CM4 Member=Component D6 LED_RED
Added Member To Class: ClassName=G3-Sensor Member=Component D7 LED_GREEN
Added Member To Class: ClassName=G3-Sensor Member=Component D8 LED_BLUE
Added Member To Class: ClassName=G3-Sensor Member=Component D9 LED_YELLOW
Added Member To Class: ClassName=G3-Sensor Member=Component D10 LED_RED
Added Member To Class: ClassName=G2-PMS Member=Component L1 3.3uH
Added Member To Class: ClassName=G2-PMS Member=Component L2 2.2uH 0530
Added Member To Class: ClassName=G3-Sensor Member=Component R3 470Ω
Added Member To Class: ClassName=G2-PMS Member=Component R4 10Ω
Added Member To Class: ClassName=G2-PMS Member=Component R5 100KΩ
Added Member To Class: ClassName=G1-CM4 Member=Component R6 5.1KΩ
Added Member To Class: ClassName=G2-PMS Member=Component R7 13.7KΩ
Added Member To Class: ClassName=G2-PMS Member=Component R8 10Ω  0402
Added Member To Class: ClassName=G2-PMS Member=Component R9 100KΩ
Added Member To Class: ClassName=G2-PMS Member=Component R10 22.1KΩ
Added Member To Class: ClassName=G2-PMS Member=Component R65 100KΩ (1003) ±1%
Added Member To Class: ClassName=G1-CM4 Member=Component R66 47KΩ 0402
Added Member To Class: ClassName=G1-CM4 Member=Component U10 Type-C
Added Member To Class: ClassName=G2-PMS Member=Component U11 Type-C
Added Member To Class: ClassName=G2-PMS Member=Component U12 MP2236
Added Member To Class: ClassName=G2-PMS Member=Component U13 MP2236
Added Member To Class: ClassName=G2-PMS Member=Component U37 FS312H
Added Room: Name=G1-CM4
Added Room: Name=G2-PMS
Added Room: Name=G3-Sensor
Added Room: Name=G4-Coral
