Removed Pin From Net: NetName=SSTX1_N Pin=C89-1
Removed Pin From Net: NetName=SSTX1_P Pin=C90-1
Removed Pin From Net: NetName=SSTX2_N Pin=C100-1
Removed Pin From Net: NetName=SSTX2_P Pin=C101-1
Removed Pin From Net: NetName=USB2D3_N Pin=R22-1
Removed Pin From Net: NetName=USB2D3_P Pin=R28-2
Removed Pin From Net: NetName=USB2D1_N Pin=U38-2
Removed Pin From Net: NetName=USB2D1_P Pin=U38-3
Removed Pin From Net: NetName=USB2D4_N Pin=U38-11
Removed Pin From Net: NetName=USB2D4_P Pin=U38-12
Removed Pin From Net: NetName=USB2D1_P Pin=U39-2
Removed Pin From Net: NetName=USB2D1_N Pin=U39-3
Removed Pin From Net: NetName=SSRX1_N Pin=U40-1
Removed Pin From Net: NetName=SSRX1_P Pin=U40-2
Removed Pin From Net: NetName=SSRX2_N Pin=U43-4
Removed Pin From Net: NetName=SSRX2_P Pin=U43-5
Removed Pin From Net: NetName=USB2D2_P Pin=U43-13
Removed Pin From Net: NetName=USB2D2_N Pin=U43-14
Added Pin To Net: NetName=SSTX2_N Pin=C89-1
Added Pin To Net: NetName=SSTX2_P Pin=C90-1
Added Pin To Net: NetName=SSTX1_N Pin=C100-1
Added Pin To Net: NetName=SSTX1_P Pin=C101-1
Added Pin To Net: NetName=USB2D4_N Pin=R22-1
Added Pin To Net: NetName=USB2D4_P Pin=R28-2
Added Pin To Net: NetName=USB2D2_N Pin=U38-2
Added Pin To Net: NetName=USB2D2_P Pin=U38-3
Added Pin To Net: NetName=USB2D3_N Pin=U38-11
Added Pin To Net: NetName=USB2D3_P Pin=U38-12
Added Pin To Net: NetName=USB2D2_P Pin=U39-2
Added Pin To Net: NetName=USB2D2_N Pin=U39-3
Added Pin To Net: NetName=SSRX2_N Pin=U40-1
Added Pin To Net: NetName=SSRX2_P Pin=U40-2
Added Pin To Net: NetName=SSRX1_N Pin=U43-4
Added Pin To Net: NetName=SSRX1_P Pin=U43-5
Added Pin To Net: NetName=USB2D1_P Pin=U43-13
Added Pin To Net: NetName=USB2D1_N Pin=U43-14
