Removed Pin From Net: NetName=PWR_12V Pin=U12-6
Removed Pin From Net: NetName=PWR_5V Pin=U13-6
Removed Pin From Net: NetName=PWR_12V Pin=U15-6
Change Component DesignItemId : Designator=C18 Old DesignItemId=0603 1uF (105) 10% 50V New DesignItemId=0805 1uF (105) 10% 50V
Change Component DesignItemId : Designator=C29 Old DesignItemId=0603 1uF (105) 10% 50V New DesignItemId=0805 1uF (105) 10% 50V
Change Component DesignItemId : Designator=C16 Old DesignItemId=0603 22uF (226) 20% 6.3V New DesignItemId=0805 22uF (226) 20% 25V
Change Component DesignItemId : Designator=C17 Old DesignItemId=0603 22uF (226) 20% 6.3V New DesignItemId=0805 22uF (226) 20% 25V
Change Component DesignItemId : Designator=C27 Old DesignItemId=0603 22uF (226) 20% 6.3V New DesignItemId=0805 22uF (226) 20% 25V
Change Component DesignItemId : Designator=C28 Old DesignItemId=0603 22uF (226) 20% 6.3V New DesignItemId=0805 22uF (226) 20% 25V
Change Component Footprint: Designator=C16 Old Footprint=0603_C New Footprint=0805_C
Change Component Footprint: Designator=C17 Old Footprint=0603_C New Footprint=0805_C
Change Component Footprint: Designator=C18 Old Footprint=0603_C New Footprint=0805_C
Change Component Footprint: Designator=C27 Old Footprint=0603_C New Footprint=0805_C
Change Component Footprint: Designator=C28 Old Footprint=0603_C New Footprint=0805_C
Change Component Footprint: Designator=C29 Old Footprint=0603_C New Footprint=0805_C
Change Component Comment : Designator=C18 Old Comment=1uF 0603 New Comment=1uF 0805
Change Component Comment : Designator=C29 Old Comment=1uF 0603 New Comment=1uF 0805
Change Component Comment : Designator=C16 Old Comment=22uF 0603 New Comment=22uF 0805
Change Component Comment : Designator=C17 Old Comment=22uF 0603 New Comment=22uF 0805
Change Component Comment : Designator=C27 Old Comment=22uF 0603 New Comment=22uF 0805
Change Component Comment : Designator=C28 Old Comment=22uF 0603 New Comment=22uF 0805
Change component parameters: Designator = "C16" ("C16"); Footprint = "0603_C"; UniqueID = "\YSSDLCRB" ("\YSSDLCRB")
Change component parameters (AddParameter): Name = "ComponentLink1Description"; Value = "供应商链接"; VariantName = "[No Variations]"
Change component parameters (AddParameter): Name = "ComponentLink1URL"; Value = "http://www.szlcsc.com/product/details_46786.html"; VariantName = "[No Variations]"
Change component parameters (AddParameter): Name = "Notepad"; Value = ""; VariantName = "[No Variations]"
Change component parameters (AddParameter): Name = "Package"; Value = "0805"; VariantName = "[No Variations]"
Change component parameters (AddParameter): Name = "Supplier"; Value = "LC"; VariantName = "[No Variations]"
Change component parameters (AddParameter): Name = "SuppliersPartNumber"; Value = "C45783"; VariantName = "[No Variations]"
Change component parameters: Designator = "C17" ("C17"); Footprint = "0603_C"; UniqueID = "\SSJGNUEH" ("\SSJGNUEH")
Change component parameters (AddParameter): Name = "ComponentLink1Description"; Value = "供应商链接"; VariantName = "[No Variations]"
Change component parameters (AddParameter): Name = "ComponentLink1URL"; Value = "http://www.szlcsc.com/product/details_46786.html"; VariantName = "[No Variations]"
Change component parameters (AddParameter): Name = "Notepad"; Value = ""; VariantName = "[No Variations]"
Change component parameters (AddParameter): Name = "Package"; Value = "0805"; VariantName = "[No Variations]"
Change component parameters (AddParameter): Name = "Supplier"; Value = "LC"; VariantName = "[No Variations]"
Change component parameters (AddParameter): Name = "SuppliersPartNumber"; Value = "C45783"; VariantName = "[No Variations]"
Change component parameters: Designator = "C18" ("C18"); Footprint = "0603_C"; UniqueID = "\EAROWGCP" ("\EAROWGCP")
Change component parameters (AddParameter): Name = "ComponentLink1Description"; Value = "供应商链接"; VariantName = "[No Variations]"
Change component parameters (AddParameter): Name = "ComponentLink1URL"; Value = "http://www.szlcsc.com/product/details_29074.html"; VariantName = "[No Variations]"
Change component parameters (AddParameter): Name = "Notepad"; Value = ""; VariantName = "[No Variations]"
Change component parameters (AddParameter): Name = "Package"; Value = "0805"; VariantName = "[No Variations]"
Change component parameters (AddParameter): Name = "Supplier"; Value = "LC"; VariantName = "[No Variations]"
Change component parameters (AddParameter): Name = "SuppliersPartNumber"; Value = "C28323"; VariantName = "[No Variations]"
Change component parameters: Designator = "C27" ("C27"); Footprint = "0603_C"; UniqueID = "\HTHTSGPT" ("\HTHTSGPT")
Change component parameters (AddParameter): Name = "ComponentLink1Description"; Value = "供应商链接"; VariantName = "[No Variations]"
Change component parameters (AddParameter): Name = "ComponentLink1URL"; Value = "http://www.szlcsc.com/product/details_46786.html"; VariantName = "[No Variations]"
Change component parameters (AddParameter): Name = "Notepad"; Value = ""; VariantName = "[No Variations]"
Change component parameters (AddParameter): Name = "Package"; Value = "0805"; VariantName = "[No Variations]"
Change component parameters (AddParameter): Name = "Supplier"; Value = "LC"; VariantName = "[No Variations]"
Change component parameters (AddParameter): Name = "SuppliersPartNumber"; Value = "C45783"; VariantName = "[No Variations]"
Change component parameters: Designator = "C28" ("C28"); Footprint = "0603_C"; UniqueID = "\CVRXBMVO" ("\CVRXBMVO")
Change component parameters (AddParameter): Name = "ComponentLink1Description"; Value = "供应商链接"; VariantName = "[No Variations]"
Change component parameters (AddParameter): Name = "ComponentLink1URL"; Value = "http://www.szlcsc.com/product/details_46786.html"; VariantName = "[No Variations]"
Change component parameters (AddParameter): Name = "Notepad"; Value = ""; VariantName = "[No Variations]"
Change component parameters (AddParameter): Name = "Package"; Value = "0805"; VariantName = "[No Variations]"
Change component parameters (AddParameter): Name = "Supplier"; Value = "LC"; VariantName = "[No Variations]"
Change component parameters (AddParameter): Name = "SuppliersPartNumber"; Value = "C45783"; VariantName = "[No Variations]"
Change component parameters: Designator = "C29" ("C29"); Footprint = "0603_C"; UniqueID = "\NCJUPYAJ" ("\NCJUPYAJ")
Change component parameters (AddParameter): Name = "ComponentLink1Description"; Value = "供应商链接"; VariantName = "[No Variations]"
Change component parameters (AddParameter): Name = "ComponentLink1URL"; Value = "http://www.szlcsc.com/product/details_29074.html"; VariantName = "[No Variations]"
Change component parameters (AddParameter): Name = "Notepad"; Value = ""; VariantName = "[No Variations]"
Change component parameters (AddParameter): Name = "Package"; Value = "0805"; VariantName = "[No Variations]"
Change component parameters (AddParameter): Name = "Supplier"; Value = "LC"; VariantName = "[No Variations]"
Change component parameters (AddParameter): Name = "SuppliersPartNumber"; Value = "C28323"; VariantName = "[No Variations]"
Added Component: Designator=C91(0402_C)
Add component (AddParameter): Name = "ComponentLink1Description"; Value = "供应商链接"; VariantName = "[No Variations]"
Add component (AddParameter): Name = "ComponentLink1URL"; Value = "http://www.szlcsc.com/product/details_1877.html"; VariantName = "[No Variations]"
Add component (AddParameter): Name = "Notepad"; Value = ""; VariantName = "[No Variations]"
Add component (AddParameter): Name = "Package"; Value = "0402"; VariantName = "[No Variations]"
Add component (AddParameter): Name = "Supplier"; Value = "LC"; VariantName = "[No Variations]"
Add component (AddParameter): Name = "SuppliersPartNumber"; Value = "C1525"; VariantName = "[No Variations]"
Added Component: Designator=R72(0402_R)
Add component (AddParameter): Name = "ComponentLink1Description"; Value = "供应商链接"; VariantName = "[No Variations]"
Add component (AddParameter): Name = "ComponentLink1URL"; Value = "http://www.szlcsc.com/product/details_17853.html"; VariantName = "[No Variations]"
Add component (AddParameter): Name = "Notepad"; Value = ""; VariantName = "[No Variations]"
Add component (AddParameter): Name = "Package"; Value = "0402"; VariantName = "[No Variations]"
Add component (AddParameter): Name = "Supplier"; Value = "LC"; VariantName = "[No Variations]"
Add component (AddParameter): Name = "SuppliersPartNumber"; Value = "C17168"; VariantName = "[No Variations]"
Added Component: Designator=R73(0402_R)
Add component (AddParameter): Name = "ComponentLink1Description"; Value = "供应商链接"; VariantName = "[No Variations]"
Add component (AddParameter): Name = "ComponentLink1URL"; Value = "http://www.szlcsc.com/product/details_17853.html"; VariantName = "[No Variations]"
Add component (AddParameter): Name = "Notepad"; Value = ""; VariantName = "[No Variations]"
Add component (AddParameter): Name = "Package"; Value = "0402"; VariantName = "[No Variations]"
Add component (AddParameter): Name = "Supplier"; Value = "LC"; VariantName = "[No Variations]"
Add component (AddParameter): Name = "SuppliersPartNumber"; Value = "C17168"; VariantName = "[No Variations]"
Added Component: Designator=R74(0402_R)
Add component (AddParameter): Name = "ComponentLink1Description"; Value = "供应商链接"; VariantName = "[No Variations]"
Add component (AddParameter): Name = "ComponentLink1URL"; Value = "http://www.szlcsc.com/product/details_26643.html"; VariantName = "[No Variations]"
Add component (AddParameter): Name = "Notepad"; Value = ""; VariantName = "[No Variations]"
Add component (AddParameter): Name = "Package"; Value = "0402"; VariantName = "[No Variations]"
Add component (AddParameter): Name = "Supplier"; Value = "LC"; VariantName = "[No Variations]"
Add component (AddParameter): Name = "SuppliersPartNumber"; Value = "C25900"; VariantName = "[No Variations]"
Added Component: Designator=R75(0402_R)
Add component (AddParameter): Name = "ComponentLink1Description"; Value = "供应商链接"; VariantName = "[No Variations]"
Add component (AddParameter): Name = "ComponentLink1URL"; Value = "http://www.szlcsc.com/product/details_26643.html"; VariantName = "[No Variations]"
Add component (AddParameter): Name = "Notepad"; Value = ""; VariantName = "[No Variations]"
Add component (AddParameter): Name = "Package"; Value = "0402"; VariantName = "[No Variations]"
Add component (AddParameter): Name = "Supplier"; Value = "LC"; VariantName = "[No Variations]"
Add component (AddParameter): Name = "SuppliersPartNumber"; Value = "C25900"; VariantName = "[No Variations]"
Added Component: Designator=U42(FFC-1-15P)
Added Pin To Net: NetName=PWR_3V3 Pin=C91-1
Added Pin To Net: NetName=GND Pin=C91-2
Added Pin To Net: NetName=PWR_3V3 Pin=R74-2
Added Pin To Net: NetName=PWR_3V3 Pin=R75-2
Added Pin To Net: NetName=PWR_3V3 Pin=U42-1
Added Pin To Net: NetName=GND Pin=U42-6
Added Pin To Net: NetName=GND Pin=U42-9
Added Pin To Net: NetName=GND Pin=U42-15
Added Pin To Net: NetName=GND Pin=U42-16
Added Pin To Net: NetName=GND Pin=U42-17
Added Pin To Net: NetName=CAM1_C_N Pin=U9-127
Added Pin To Net: NetName=CAM1_C_N Pin=U42-8
Added Net: Name=CAM1_C_N
Added Pin To Net: NetName=CAM1_C_P Pin=U9-129
Added Pin To Net: NetName=CAM1_C_P Pin=U42-7
Added Net: Name=CAM1_C_P
Added Pin To Net: NetName=CAM1_D0_N Pin=U9-115
Added Pin To Net: NetName=CAM1_D0_N Pin=U42-14
Added Net: Name=CAM1_D0_N
Added Pin To Net: NetName=CAM1_D0_P Pin=U9-117
Added Pin To Net: NetName=CAM1_D0_P Pin=U42-13
Added Net: Name=CAM1_D0_P
Added Pin To Net: NetName=CAM1_D1_N Pin=U9-121
Added Pin To Net: NetName=CAM1_D1_N Pin=U42-11
Added Net: Name=CAM1_D1_N
Added Pin To Net: NetName=CAM1_D1_P Pin=U9-123
Added Pin To Net: NetName=CAM1_D1_P Pin=U42-10
Added Net: Name=CAM1_D1_P
Added Pin To Net: NetName=CAM_GPIO Pin=U9-97
Added Pin To Net: NetName=CAM_GPIO Pin=U42-5
Added Net: Name=CAM_GPIO
Added Pin To Net: NetName=NetR72_2 Pin=R72-2
Added Pin To Net: NetName=NetR72_2 Pin=U13-6
Added Net: Name=NetR72_2
Added Pin To Net: NetName=NetR73_2 Pin=R73-2
Added Pin To Net: NetName=NetR73_2 Pin=U15-6
Added Net: Name=NetR73_2
Added Pin To Net: NetName=nEXTEST Pin=R72-1
Added Pin To Net: NetName=nEXTEST Pin=R73-1
Added Pin To Net: NetName=nEXTEST Pin=U9-100
Added Net: Name=nEXTEST
Added Pin To Net: NetName=SCL0 Pin=R74-1
Added Pin To Net: NetName=SCL0 Pin=U9-80
Added Pin To Net: NetName=SCL0 Pin=U42-3
Added Net: Name=SCL0
Added Pin To Net: NetName=SDA0 Pin=R75-1
Added Pin To Net: NetName=SDA0 Pin=U9-82
Added Pin To Net: NetName=SDA0 Pin=U42-2
Added Net: Name=SDA0
Added Differential Pair: Name=CAM1_C
Added Differential Pair: Name=CAM1_D0
Added Differential Pair: Name=CAM1_D1
Added Member To Class: ClassName=G3-Sensor Member=Component C91 100nF 0402
Added Member To Class: ClassName=G2-PMS Member=Component R72 0Ω 0402
Added Member To Class: ClassName=G2-PMS Member=Component R73 0Ω 0402
Added Member To Class: ClassName=G3-Sensor Member=Component R74 4.7KΩ 0402
Added Member To Class: ClassName=G3-Sensor Member=Component R75 4.7KΩ 0402
Added Member To Class: ClassName=G3-Sensor Member=Component U42 FFC-1-15P
