Removed Pin From Net: NetName=SSXI Pin=U18-1
Removed Pin From Net: NetName=SSXO Pin=U18-3
Removed Pin From Net: NetName=4G_ANT Pin=U20-1
Removed Pin From Net: NetName=GND Pin=U21-0
Removed Pin From Net: NetName=PWR_1V05 Pin=U21-3
Removed Pin From Net: NetName=PWR_3V3 Pin=U21-6
Removed Pin From Net: NetName=USB2D3_P Pin=U21-7
Removed Pin From Net: NetName=USB2D3_N Pin=U21-8
Removed Pin From Net: NetName=PWR_1V05 Pin=U21-9
Removed Pin From Net: NetName=PWR_1V05 Pin=U21-12
Removed Pin From Net: NetName=PWR_3V3 Pin=U21-15
Removed Pin From Net: NetName=NetR39_1 Pin=U21-18
Removed Pin From Net: NetName=PCIE_RST Pin=U21-19
Removed Pin From Net: NetName=NetR38_1 Pin=U21-20
Removed Pin From Net: NetName=PCIE_CLK_P Pin=U21-21
Removed Pin From Net: NetName=PCIE_CLK_N Pin=U21-22
Removed Pin From Net: NetName=PWR_3V3 Pin=U21-23
Removed Pin From Net: NetName=PEXTX_P Pin=U21-24
Removed Pin From Net: NetName=PEXTX_N Pin=U21-25
Removed Pin From Net: NetName=PCIE_TX_P Pin=U21-27
Removed Pin From Net: NetName=PCIE_TX_N Pin=U21-28
Removed Pin From Net: NetName=PWR_1V05 Pin=U21-29
Removed Pin From Net: NetName=PCIE_REQ Pin=U21-30
Removed Pin From Net: NetName=PONRST Pin=U21-31
Removed Pin From Net: NetName=PWR_3V3 Pin=U21-32
Removed Pin From Net: NetName=NetR27_1 Pin=U21-37
Removed Pin From Net: NetName=NetR26_1 Pin=U21-39
Removed Pin From Net: NetName=NetR25_1 Pin=U21-41
Removed Pin From Net: NetName=NetR24_1 Pin=U21-43
Removed Pin From Net: NetName=PWR_1V05 Pin=U21-45
Removed Pin From Net: NetName=PWR_3V3 Pin=U21-46
Removed Pin From Net: NetName=SSXI Pin=U21-47
Removed Pin From Net: NetName=SSXO Pin=U21-48
Removed Pin From Net: NetName=PWR_3V3 Pin=U21-49
Removed Pin From Net: NetName=NetR31_1 Pin=U21-50
Removed Pin From Net: NetName=NetR34_1 Pin=U21-51
Removed Pin From Net: NetName=SSTX1_P Pin=U21-52
Removed Pin From Net: NetName=SSTX1_N Pin=U21-53
Removed Pin From Net: NetName=PWR_1V05 Pin=U21-54
Removed Pin From Net: NetName=SSRX1_P Pin=U21-55
Removed Pin From Net: NetName=SSRX1_N Pin=U21-56
Removed Pin From Net: NetName=PWR_3V3 Pin=U21-57
Removed Pin From Net: NetName=USB2D1_P Pin=U21-58
Removed Pin From Net: NetName=USB2D1_N Pin=U21-59
Removed Pin From Net: NetName=PWR_1V05 Pin=U21-60
Removed Pin From Net: NetName=SSTX2_P Pin=U21-61
Removed Pin From Net: NetName=SSTX2_N Pin=U21-62
Removed Pin From Net: NetName=PWR_1V05 Pin=U21-63
Removed Pin From Net: NetName=SSRX2_P Pin=U21-64
Removed Pin From Net: NetName=SSRX2_N Pin=U21-65
Removed Pin From Net: NetName=PWR_3V3 Pin=U21-66
Removed Pin From Net: NetName=USB2D2_P Pin=U21-67
Removed Pin From Net: NetName=USB2D2_N Pin=U21-68
Removed Pin From Net: NetName=ZIGBEE_ANT Pin=U33-1
Removed Pin From Net: NetName=GND Pin=U33-2
Removed Pin From Net: NetName=GND Pin=U33-3
Removed Pin From Net: NetName=GND Pin=U33-4
Removed Member From Class: ClassName=G3-Sensor Member=C42
Removed Member From Class: ClassName=G3-Sensor Member=C43
Removed Member From Class: ClassName=G3-Sensor Member=C44
Removed Member From Class: ClassName=G3-Sensor Member=C45
Removed Member From Class: ClassName=G3-Sensor Member=C46
Removed Member From Class: ClassName=G3-Sensor Member=C47
Removed Member From Class: ClassName=G3-Sensor Member=C48
Removed Member From Class: ClassName=G3-Sensor Member=C49
Removed Member From Class: ClassName=G3-Sensor Member=C56
Removed Member From Class: ClassName=G3-Sensor Member=C57
Removed Member From Class: ClassName=G3-Sensor Member=C58
Removed Member From Class: ClassName=G3-Sensor Member=C59
Removed Member From Class: ClassName=G3-Sensor Member=C60
Removed Member From Class: ClassName=G3-Sensor Member=C61
Removed Member From Class: ClassName=G3-Sensor Member=C62
Removed Member From Class: ClassName=G3-Sensor Member=C63
Removed Member From Class: ClassName=G3-Sensor Member=C64
Removed Member From Class: ClassName=G3-Sensor Member=C65
Removed Member From Class: ClassName=G3-Sensor Member=C70
Removed Member From Class: ClassName=G3-Sensor Member=C71
Removed Member From Class: ClassName=G3-Sensor Member=C72
Removed Member From Class: ClassName=G3-Sensor Member=C73
Removed Member From Class: ClassName=G3-Sensor Member=D4
Removed Member From Class: ClassName=G3-Sensor Member=R24
Removed Member From Class: ClassName=G3-Sensor Member=R25
Removed Member From Class: ClassName=G3-Sensor Member=R26
Removed Member From Class: ClassName=G3-Sensor Member=R27
Removed Member From Class: ClassName=G3-Sensor Member=R29
Removed Member From Class: ClassName=G3-Sensor Member=R31
Removed Member From Class: ClassName=G3-Sensor Member=R34
Removed Member From Class: ClassName=G3-Sensor Member=R37
Removed Member From Class: ClassName=G3-Sensor Member=R38
Removed Member From Class: ClassName=G3-Sensor Member=R39
Removed Member From Class: ClassName=G3-Sensor Member=U21
Removed Member From Class: ClassName=G3-Sensor Member=U33
Change Component Footprint: Designator=U33 Old Footprint=ANT-IPEX New Footprint=VL805
Change Component Footprint: Designator=U18 Old Footprint=OSC-25MHz New Footprint=ANT-IPEX
Change Component Footprint: Designator=U21 Old Footprint=VL805 New Footprint=OSC-25MHz
Change Component Comment : Designator=U33 Old Comment=ANT-IPEX New Comment=VL805
Change Component Comment : Designator=U14 Old Comment=AP2127-ADJTRG1 New Comment=AP2127_ADJTRG1
Change Component Comment : Designator=U18 Old Comment=OSC-25MHz New Comment=ANT-IPEX
Change Component Comment : Designator=U21 Old Comment=VL805 New Comment=OSC-25MHz
Added Component: Designator=C93(0402_C)
Add component (AddParameter): Name = "ComponentLink1Description"; Value = "供应商链接"; VariantName = "[No Variations]"
Add component (AddParameter): Name = "ComponentLink1URL"; Value = "http://www.szlcsc.com/product/details_1877.html"; VariantName = "[No Variations]"
Add component (AddParameter): Name = "Notepad"; Value = ""; VariantName = "[No Variations]"
Add component (AddParameter): Name = "Package"; Value = "0402"; VariantName = "[No Variations]"
Add component (AddParameter): Name = "Supplier"; Value = "LC"; VariantName = "[No Variations]"
Add component (AddParameter): Name = "SuppliersPartNumber"; Value = "C1525"; VariantName = "[No Variations]"
Added Component: Designator=C94(0402_C)
Add component (AddParameter): Name = "ComponentLink1Description"; Value = "供应商链接"; VariantName = "[No Variations]"
Add component (AddParameter): Name = "ComponentLink1URL"; Value = "http://www.szlcsc.com/product/details_16204.html"; VariantName = "[No Variations]"
Add component (AddParameter): Name = "Notepad"; Value = ""; VariantName = "[No Variations]"
Add component (AddParameter): Name = "Package"; Value = "0402"; VariantName = "[No Variations]"
Add component (AddParameter): Name = "Supplier"; Value = "LC"; VariantName = "[No Variations]"
Add component (AddParameter): Name = "SuppliersPartNumber"; Value = "C15525"; VariantName = "[No Variations]"
Added Component: Designator=C95(0402_C)
Add component (AddParameter): Name = "ComponentLink1Description"; Value = "供应商链接"; VariantName = "[No Variations]"
Add component (AddParameter): Name = "ComponentLink1URL"; Value = "http://www.szlcsc.com/product/details_16204.html"; VariantName = "[No Variations]"
Add component (AddParameter): Name = "Notepad"; Value = ""; VariantName = "[No Variations]"
Add component (AddParameter): Name = "Package"; Value = "0402"; VariantName = "[No Variations]"
Add component (AddParameter): Name = "Supplier"; Value = "LC"; VariantName = "[No Variations]"
Add component (AddParameter): Name = "SuppliersPartNumber"; Value = "C15525"; VariantName = "[No Variations]"
Added Component: Designator=C96(0402_C)
Add component (AddParameter): Name = "ComponentLink1Description"; Value = "供应商链接"; VariantName = "[No Variations]"
Add component (AddParameter): Name = "ComponentLink1URL"; Value = "http://www.szlcsc.com/product/details_16204.html"; VariantName = "[No Variations]"
Add component (AddParameter): Name = "Notepad"; Value = ""; VariantName = "[No Variations]"
Add component (AddParameter): Name = "Package"; Value = "0402"; VariantName = "[No Variations]"
Add component (AddParameter): Name = "Supplier"; Value = "LC"; VariantName = "[No Variations]"
Add component (AddParameter): Name = "SuppliersPartNumber"; Value = "C15525"; VariantName = "[No Variations]"
Added Component: Designator=C97(0402_C)
Add component (AddParameter): Name = "ComponentLink1Description"; Value = "供应商链接"; VariantName = "[No Variations]"
Add component (AddParameter): Name = "ComponentLink1URL"; Value = "http://www.szlcsc.com/product/details_16204.html"; VariantName = "[No Variations]"
Add component (AddParameter): Name = "Notepad"; Value = ""; VariantName = "[No Variations]"
Add component (AddParameter): Name = "Package"; Value = "0402"; VariantName = "[No Variations]"
Add component (AddParameter): Name = "Supplier"; Value = "LC"; VariantName = "[No Variations]"
Add component (AddParameter): Name = "SuppliersPartNumber"; Value = "C15525"; VariantName = "[No Variations]"
Added Component: Designator=C98(0402_C)
Add component (AddParameter): Name = "ComponentLink1Description"; Value = "供应商链接"; VariantName = "[No Variations]"
Add component (AddParameter): Name = "ComponentLink1URL"; Value = "http://www.szlcsc.com/product/details_16204.html"; VariantName = "[No Variations]"
Add component (AddParameter): Name = "Notepad"; Value = ""; VariantName = "[No Variations]"
Add component (AddParameter): Name = "Package"; Value = "0402"; VariantName = "[No Variations]"
Add component (AddParameter): Name = "Supplier"; Value = "LC"; VariantName = "[No Variations]"
Add component (AddParameter): Name = "SuppliersPartNumber"; Value = "C15525"; VariantName = "[No Variations]"
Added Component: Designator=C99(0402_C)
Add component (AddParameter): Name = "ComponentLink1Description"; Value = "供应商链接"; VariantName = "[No Variations]"
Add component (AddParameter): Name = "ComponentLink1URL"; Value = "http://www.szlcsc.com/product/details_16204.html"; VariantName = "[No Variations]"
Add component (AddParameter): Name = "Notepad"; Value = ""; VariantName = "[No Variations]"
Add component (AddParameter): Name = "Package"; Value = "0402"; VariantName = "[No Variations]"
Add component (AddParameter): Name = "Supplier"; Value = "LC"; VariantName = "[No Variations]"
Add component (AddParameter): Name = "SuppliersPartNumber"; Value = "C15525"; VariantName = "[No Variations]"
Added Component: Designator=C100(0402_C)
Add component (AddParameter): Name = "ComponentLink1Description"; Value = "供应商链接"; VariantName = "[No Variations]"
Add component (AddParameter): Name = "ComponentLink1URL"; Value = "http://www.szlcsc.com/product/details_1877.html"; VariantName = "[No Variations]"
Add component (AddParameter): Name = "Notepad"; Value = ""; VariantName = "[No Variations]"
Add component (AddParameter): Name = "Package"; Value = "0402"; VariantName = "[No Variations]"
Add component (AddParameter): Name = "Supplier"; Value = "LC"; VariantName = "[No Variations]"
Add component (AddParameter): Name = "SuppliersPartNumber"; Value = "C1525"; VariantName = "[No Variations]"
Added Component: Designator=C101(0402_C)
Add component (AddParameter): Name = "ComponentLink1Description"; Value = "供应商链接"; VariantName = "[No Variations]"
Add component (AddParameter): Name = "ComponentLink1URL"; Value = "http://www.szlcsc.com/product/details_1877.html"; VariantName = "[No Variations]"
Add component (AddParameter): Name = "Notepad"; Value = ""; VariantName = "[No Variations]"
Add component (AddParameter): Name = "Package"; Value = "0402"; VariantName = "[No Variations]"
Add component (AddParameter): Name = "Supplier"; Value = "LC"; VariantName = "[No Variations]"
Add component (AddParameter): Name = "SuppliersPartNumber"; Value = "C1525"; VariantName = "[No Variations]"
Added Component: Designator=C102(0402_C)
Add component (AddParameter): Name = "ComponentLink1Description"; Value = "供应商链接"; VariantName = "[No Variations]"
Add component (AddParameter): Name = "ComponentLink1URL"; Value = "http://www.szlcsc.com/product/details_16204.html"; VariantName = "[No Variations]"
Add component (AddParameter): Name = "Notepad"; Value = ""; VariantName = "[No Variations]"
Add component (AddParameter): Name = "Package"; Value = "0402"; VariantName = "[No Variations]"
Add component (AddParameter): Name = "Supplier"; Value = "LC"; VariantName = "[No Variations]"
Add component (AddParameter): Name = "SuppliersPartNumber"; Value = "C15525"; VariantName = "[No Variations]"
Added Component: Designator=C103(0402_C)
Add component (AddParameter): Name = "ComponentLink1Description"; Value = "供应商链接"; VariantName = "[No Variations]"
Add component (AddParameter): Name = "ComponentLink1URL"; Value = "http://www.szlcsc.com/product/details_1877.html"; VariantName = "[No Variations]"
Add component (AddParameter): Name = "Notepad"; Value = ""; VariantName = "[No Variations]"
Add component (AddParameter): Name = "Package"; Value = "0402"; VariantName = "[No Variations]"
Add component (AddParameter): Name = "Supplier"; Value = "LC"; VariantName = "[No Variations]"
Add component (AddParameter): Name = "SuppliersPartNumber"; Value = "C1525"; VariantName = "[No Variations]"
Added Component: Designator=D5(0402_R)
Add component (AddParameter): Name = "ComponentLink1Description"; Value = "供应商链接"; VariantName = "[No Variations]"
Add component (AddParameter): Name = "ComponentLink1URL"; Value = "http://www.szlcsc.com/product/details_26487.html"; VariantName = "[No Variations]"
Add component (AddParameter): Name = "Notepad"; Value = ""; VariantName = "[No Variations]"
Add component (AddParameter): Name = "Package"; Value = "0402"; VariantName = "[No Variations]"
Add component (AddParameter): Name = "Supplier"; Value = "LC"; VariantName = "[No Variations]"
Add component (AddParameter): Name = "SuppliersPartNumber"; Value = "C25744"; VariantName = "[No Variations]"
Added Component: Designator=R67(0402_R)
Add component (AddParameter): Name = "ComponentLink1Description"; Value = "供应商链接"; VariantName = "[No Variations]"
Add component (AddParameter): Name = "ComponentLink1URL"; Value = "http://www.szlcsc.com/product/details_17853.html"; VariantName = "[No Variations]"
Add component (AddParameter): Name = "Notepad"; Value = ""; VariantName = "[No Variations]"
Add component (AddParameter): Name = "Package"; Value = "0402"; VariantName = "[No Variations]"
Add component (AddParameter): Name = "Supplier"; Value = "LC"; VariantName = "[No Variations]"
Add component (AddParameter): Name = "SuppliersPartNumber"; Value = "C17168"; VariantName = "[No Variations]"
Added Component: Designator=R68(0402_R)
Add component (AddParameter): Name = "ComponentLink1Description"; Value = "供应商链接"; VariantName = "[No Variations]"
Add component (AddParameter): Name = "ComponentLink1URL"; Value = "http://www.szlcsc.com/product/details_17853.html"; VariantName = "[No Variations]"
Add component (AddParameter): Name = "Notepad"; Value = ""; VariantName = "[No Variations]"
Add component (AddParameter): Name = "Package"; Value = "0402"; VariantName = "[No Variations]"
Add component (AddParameter): Name = "Supplier"; Value = "LC"; VariantName = "[No Variations]"
Add component (AddParameter): Name = "SuppliersPartNumber"; Value = "C17168"; VariantName = "[No Variations]"
Added Component: Designator=R69(0402_R)
Add component (AddParameter): Name = "ComponentLink1Description"; Value = "供应商链接"; VariantName = "[No Variations]"
Add component (AddParameter): Name = "ComponentLink1URL"; Value = "http://www.szlcsc.com/product/details_17853.html"; VariantName = "[No Variations]"
Add component (AddParameter): Name = "Notepad"; Value = ""; VariantName = "[No Variations]"
Add component (AddParameter): Name = "Package"; Value = "0402"; VariantName = "[No Variations]"
Add component (AddParameter): Name = "Supplier"; Value = "LC"; VariantName = "[No Variations]"
Add component (AddParameter): Name = "SuppliersPartNumber"; Value = "C17168"; VariantName = "[No Variations]"
Added Component: Designator=R70(0402_R)
Add component (AddParameter): Name = "ComponentLink1Description"; Value = "供应商链接"; VariantName = "[No Variations]"
Add component (AddParameter): Name = "ComponentLink1URL"; Value = "http://www.szlcsc.com/product/details_26484.html"; VariantName = "[No Variations]"
Add component (AddParameter): Name = "Notepad"; Value = ""; VariantName = "[No Variations]"
Add component (AddParameter): Name = "Package"; Value = "0402"; VariantName = "[No Variations]"
Add component (AddParameter): Name = "Supplier"; Value = "LC"; VariantName = "[No Variations]"
Add component (AddParameter): Name = "SuppliersPartNumber"; Value = "C25741"; VariantName = "[No Variations]"
Added Component: Designator=R71(0402_R)
Add component (AddParameter): Name = "ComponentLink1Description"; Value = "供应商链接"; VariantName = "[No Variations]"
Add component (AddParameter): Name = "ComponentLink1URL"; Value = "http://www.szlcsc.com/product/details_26487.html"; VariantName = "[No Variations]"
Add component (AddParameter): Name = "Notepad"; Value = ""; VariantName = "[No Variations]"
Add component (AddParameter): Name = "Package"; Value = "0402"; VariantName = "[No Variations]"
Add component (AddParameter): Name = "Supplier"; Value = "LC"; VariantName = "[No Variations]"
Add component (AddParameter): Name = "SuppliersPartNumber"; Value = "C25744"; VariantName = "[No Variations]"
Added Component: Designator=U43(Coral)
Added Pin To Net: NetName=GND Pin=C93-1
Added Pin To Net: NetName=PWR_3V3 Pin=C93-2
Added Pin To Net: NetName=GND Pin=C94-1
Added Pin To Net: NetName=PWR_3V3 Pin=C94-2
Added Pin To Net: NetName=GND Pin=C95-1
Added Pin To Net: NetName=PWR_3V3 Pin=C95-2
Added Pin To Net: NetName=GND Pin=C96-1
Added Pin To Net: NetName=PWR_3V3 Pin=C96-2
Added Pin To Net: NetName=GND Pin=C97-1
Added Pin To Net: NetName=PWR_3V3 Pin=C97-2
Added Pin To Net: NetName=GND Pin=C98-1
Added Pin To Net: NetName=PWR_3V3 Pin=C98-2
Added Pin To Net: NetName=GND Pin=C99-1
Added Pin To Net: NetName=PWR_3V3 Pin=C99-2
Added Pin To Net: NetName=SSTX1_N Pin=C100-1
Added Pin To Net: NetName=SSTX1_P Pin=C101-1
Added Pin To Net: NetName=GND Pin=C102-1
Added Pin To Net: NetName=GND Pin=C103-1
Added Pin To Net: NetName=GND Pin=R69-2
Added Pin To Net: NetName=GND Pin=R71-1
Added Pin To Net: NetName=4G_ANT Pin=U18-1
Added Pin To Net: NetName=GND Pin=U18-3
Added Pin To Net: NetName=ZIGBEE_ANT Pin=U20-1
Added Pin To Net: NetName=SSXI Pin=U21-1
Added Pin To Net: NetName=GND Pin=U21-2
Added Pin To Net: NetName=SSXO Pin=U21-3
Added Pin To Net: NetName=GND Pin=U21-4
Added Pin To Net: NetName=GND Pin=U33-0
Added Pin To Net: NetName=PWR_1V05 Pin=U33-3
Added Pin To Net: NetName=PWR_3V3 Pin=U33-6
Added Pin To Net: NetName=USB2D3_P Pin=U33-7
Added Pin To Net: NetName=USB2D3_N Pin=U33-8
Added Pin To Net: NetName=PWR_1V05 Pin=U33-9
Added Pin To Net: NetName=PWR_1V05 Pin=U33-12
Added Pin To Net: NetName=PWR_3V3 Pin=U33-15
Added Pin To Net: NetName=NetR39_1 Pin=U33-18
Added Pin To Net: NetName=PCIE_RST Pin=U33-19
Added Pin To Net: NetName=NetR38_1 Pin=U33-20
Added Pin To Net: NetName=PCIE_CLK_P Pin=U33-21
Added Pin To Net: NetName=PCIE_CLK_N Pin=U33-22
Added Pin To Net: NetName=PWR_3V3 Pin=U33-23
Added Pin To Net: NetName=PEXTX_P Pin=U33-24
Added Pin To Net: NetName=PEXTX_N Pin=U33-25
Added Pin To Net: NetName=PCIE_TX_P Pin=U33-27
Added Pin To Net: NetName=PCIE_TX_N Pin=U33-28
Added Pin To Net: NetName=PWR_1V05 Pin=U33-29
Added Pin To Net: NetName=PCIE_REQ Pin=U33-30
Added Pin To Net: NetName=PONRST Pin=U33-31
Added Pin To Net: NetName=PWR_3V3 Pin=U33-32
Added Pin To Net: NetName=NetR27_1 Pin=U33-37
Added Pin To Net: NetName=NetR26_1 Pin=U33-39
Added Pin To Net: NetName=NetR25_1 Pin=U33-41
Added Pin To Net: NetName=NetR24_1 Pin=U33-43
Added Pin To Net: NetName=PWR_1V05 Pin=U33-45
Added Pin To Net: NetName=PWR_3V3 Pin=U33-46
Added Pin To Net: NetName=SSXI Pin=U33-47
Added Pin To Net: NetName=SSXO Pin=U33-48
Added Pin To Net: NetName=PWR_3V3 Pin=U33-49
Added Pin To Net: NetName=NetR31_1 Pin=U33-50
Added Pin To Net: NetName=NetR34_1 Pin=U33-51
Added Pin To Net: NetName=SSTX1_P Pin=U33-52
Added Pin To Net: NetName=SSTX1_N Pin=U33-53
Added Pin To Net: NetName=PWR_1V05 Pin=U33-54
Added Pin To Net: NetName=SSRX1_P Pin=U33-55
Added Pin To Net: NetName=SSRX1_N Pin=U33-56
Added Pin To Net: NetName=PWR_3V3 Pin=U33-57
Added Pin To Net: NetName=USB2D1_P Pin=U33-58
Added Pin To Net: NetName=USB2D1_N Pin=U33-59
Added Pin To Net: NetName=PWR_1V05 Pin=U33-60
Added Pin To Net: NetName=SSTX2_P Pin=U33-61
Added Pin To Net: NetName=SSTX2_N Pin=U33-62
Added Pin To Net: NetName=PWR_1V05 Pin=U33-63
Added Pin To Net: NetName=SSRX2_P Pin=U33-64
Added Pin To Net: NetName=SSRX2_N Pin=U33-65
Added Pin To Net: NetName=PWR_3V3 Pin=U33-66
Added Pin To Net: NetName=USB2D2_P Pin=U33-67
Added Pin To Net: NetName=USB2D2_N Pin=U33-68
Added Pin To Net: NetName=GND Pin=U38-19
Added Pin To Net: NetName=GND Pin=U43-1
Added Pin To Net: NetName=GND Pin=U43-2
Added Pin To Net: NetName=GND Pin=U43-3
Added Pin To Net: NetName=SSRX1_N Pin=U43-4
Added Pin To Net: NetName=SSRX1_P Pin=U43-5
Added Pin To Net: NetName=GND Pin=U43-6
Added Pin To Net: NetName=GND Pin=U43-9
Added Pin To Net: NetName=GND Pin=U43-10
Added Pin To Net: NetName=GND Pin=U43-11
Added Pin To Net: NetName=GND Pin=U43-12
Added Pin To Net: NetName=USB2D1_P Pin=U43-13
Added Pin To Net: NetName=USB2D1_N Pin=U43-14
Added Pin To Net: NetName=GND Pin=U43-15
Added Pin To Net: NetName=GND Pin=U43-16
Added Pin To Net: NetName=GND Pin=U43-17
Added Pin To Net: NetName=GND Pin=U43-18
Added Pin To Net: NetName=GND Pin=U43-19
Added Pin To Net: NetName=GND Pin=U43-20
Added Pin To Net: NetName=GND Pin=U43-21
Added Pin To Net: NetName=GND Pin=U43-22
Added Pin To Net: NetName=GND Pin=U43-23
Added Pin To Net: NetName=GND Pin=U43-24
Added Pin To Net: NetName=GND Pin=U43-25
Added Pin To Net: NetName=GND Pin=U43-26
Added Pin To Net: NetName=GND Pin=U43-27
Added Pin To Net: NetName=GND Pin=U43-28
Added Pin To Net: NetName=GND Pin=U43-29
Added Pin To Net: NetName=GND Pin=U43-30
Added Pin To Net: NetName=GND Pin=U43-31
Added Pin To Net: NetName=GND Pin=U43-32
Added Pin To Net: NetName=GND Pin=U43-33
Added Pin To Net: NetName=GND Pin=U43-34
Added Pin To Net: NetName=GND Pin=U43-35
Added Pin To Net: NetName=GND Pin=U43-36
Added Pin To Net: NetName=GND Pin=U43-38
Added Pin To Net: NetName=GND Pin=U43-39
Added Pin To Net: NetName=GND Pin=U43-40
Added Pin To Net: NetName=GND Pin=U43-41
Added Pin To Net: NetName=GND Pin=U43-42
Added Pin To Net: NetName=GND Pin=U43-43
Added Pin To Net: NetName=GND Pin=U43-44
Added Pin To Net: NetName=GND Pin=U43-45
Added Pin To Net: NetName=GND Pin=U43-46
Added Pin To Net: NetName=GND Pin=U43-47
Added Pin To Net: NetName=GND Pin=U43-48
Added Pin To Net: NetName=GND Pin=U43-51
Added Pin To Net: NetName=GND Pin=U43-55
Added Pin To Net: NetName=PWR_3V3 Pin=U43-56
Added Pin To Net: NetName=PWR_3V3 Pin=U43-57
Added Pin To Net: NetName=PWR_3V3 Pin=U43-58
Added Pin To Net: NetName=PWR_3V3 Pin=U43-59
Added Pin To Net: NetName=PWR_3V3 Pin=U43-60
Added Pin To Net: NetName=PWR_3V3 Pin=U43-61
Added Pin To Net: NetName=PWR_3V3 Pin=U43-62
Added Pin To Net: NetName=PWR_3V3 Pin=U43-63
Added Pin To Net: NetName=PWR_3V3 Pin=U43-64
Added Pin To Net: NetName=PWR_3V3 Pin=U43-65
Added Pin To Net: NetName=PWR_3V3 Pin=U43-66
Added Pin To Net: NetName=PWR_3V3 Pin=U43-67
Added Pin To Net: NetName=GND Pin=U43-68
Added Pin To Net: NetName=GND Pin=U43-69
Added Pin To Net: NetName=GND Pin=U43-70
Added Pin To Net: NetName=GND Pin=U43-71
Added Pin To Net: NetName=GND Pin=U43-72
Added Pin To Net: NetName=GND Pin=U43-73
Added Pin To Net: NetName=GND Pin=U43-74
Added Pin To Net: NetName=GND Pin=U43-75
Added Pin To Net: NetName=GND Pin=U43-79
Added Pin To Net: NetName=GND Pin=U43-80
Added Pin To Net: NetName=GND Pin=U43-81
Added Pin To Net: NetName=GND Pin=U43-86
Added Pin To Net: NetName=GND Pin=U43-87
Added Pin To Net: NetName=GND Pin=U43-88
Added Pin To Net: NetName=GND Pin=U43-89
Added Pin To Net: NetName=GND Pin=U43-90
Added Pin To Net: NetName=GND Pin=U43-91
Added Pin To Net: NetName=GND Pin=U43-92
Added Pin To Net: NetName=GND Pin=U43-93
Added Pin To Net: NetName=GND Pin=U43-94
Added Pin To Net: NetName=GND Pin=U43-95
Added Pin To Net: NetName=GND Pin=U43-96
Added Pin To Net: NetName=GND Pin=U43-97
Added Pin To Net: NetName=GND Pin=U43-98
Added Pin To Net: NetName=GND Pin=U43-99
Added Pin To Net: NetName=GND Pin=U43-100
Added Pin To Net: NetName=GND Pin=U43-101
Added Pin To Net: NetName=GND Pin=U43-102
Added Pin To Net: NetName=GND Pin=U43-103
Added Pin To Net: NetName=GND Pin=U43-104
Added Pin To Net: NetName=GND Pin=U43-105
Added Pin To Net: NetName=GND Pin=U43-106
Added Pin To Net: NetName=GND Pin=U43-107
Added Pin To Net: NetName=GND Pin=U43-108
Added Pin To Net: NetName=GND Pin=U43-109
Added Pin To Net: NetName=GND Pin=U43-110
Added Pin To Net: NetName=GND Pin=U43-111
Added Pin To Net: NetName=GND Pin=U43-112
Added Pin To Net: NetName=GND Pin=U43-113
Added Pin To Net: NetName=GND Pin=U43-114
Added Pin To Net: NetName=GND Pin=U43-115
Added Pin To Net: NetName=GND Pin=U43-116
Added Pin To Net: NetName=GND Pin=U43-117
Added Pin To Net: NetName=GND Pin=U43-118
Added Pin To Net: NetName=GND Pin=U43-119
Added Pin To Net: NetName=GND Pin=U43-120
Added Pin To Net: NetName=Coral_RX_N Pin=C101-2
Added Pin To Net: NetName=Coral_RX_N Pin=U43-8
Added Net: Name=Coral_RX_N
Added Pin To Net: NetName=Coral_RX_P Pin=C100-2
Added Pin To Net: NetName=Coral_RX_P Pin=U43-7
Added Net: Name=Coral_RX_P
Added Pin To Net: NetName=NetD5_1 Pin=D5-1
Added Pin To Net: NetName=NetD5_1 Pin=R71-2
Added Net: Name=NetD5_1
Added Pin To Net: NetName=NetD5_2 Pin=D5-2
Added Pin To Net: NetName=NetD5_2 Pin=U43-37
Added Net: Name=NetD5_2
Added Pin To Net: NetName=NetR67_1 Pin=R67-1
Added Pin To Net: NetName=NetR67_1 Pin=U43-78
Added Net: Name=NetR67_1
Added Pin To Net: NetName=NetR68_1 Pin=R68-1
Added Pin To Net: NetName=NetR68_1 Pin=U43-83
Added Net: Name=NetR68_1
Added Pin To Net: NetName=NetR69_1 Pin=R69-1
Added Pin To Net: NetName=NetR69_1 Pin=U43-84
Added Net: Name=NetR69_1
Added Pin To Net: NetName=NetR70_1 Pin=R70-1
Added Pin To Net: NetName=NetR70_1 Pin=U43-76
Added Net: Name=NetR70_1
Added Pin To Net: NetName=PWR_1V8 Pin=C102-2
Added Pin To Net: NetName=PWR_1V8 Pin=C103-2
Added Pin To Net: NetName=PWR_1V8 Pin=R67-2
Added Pin To Net: NetName=PWR_1V8 Pin=R68-2
Added Pin To Net: NetName=PWR_1V8 Pin=R70-2
Added Pin To Net: NetName=PWR_1V8 Pin=U43-53
Added Pin To Net: NetName=PWR_1V8 Pin=U43-54
Added Net: Name=PWR_1V8
Added Class: Name=G4-Coral
Added Differential Pair: Name=Coral_RX
Added Room: Name=G1-CM4
Added Room: Name=G2-PMS
Added Room: Name=G3-Sensor
Added Room: Name=G4-Coral
