Removed Pin From Net: NetName=PWR_3V3 Pin=C84-2
Removed Pin From Net: NetName=GND Pin=C85-1
Removed Pin From Net: NetName=PWR_3V3 Pin=C85-2
Removed Pin From Net: NetName=GND Pin=C86-1
Removed Pin From Net: NetName=PWR_5V Pin=C86-2
Removed Pin From Net: NetName=GND Pin=C87-1
Removed Pin From Net: NetName=PWR_5V Pin=C87-2
Removed Pin From Net: NetName=GND Pin=C88-1
Removed Pin From Net: NetName=GND Pin=D10-2
Removed Pin From Net: NetName=GND Pin=Q1-2
Removed Pin From Net: NetName=GND Pin=Q2-2
Removed Pin From Net: NetName=PWR_3V3 Pin=Q3-3
Removed Pin From Net: NetName=GND Pin=R18-1
Removed Pin From Net: NetName=433_LIG Pin=R36-1
Removed Pin From Net: NetName=NetD10_1 Pin=R36-2
Removed Pin From Net: NetName=UART4_TXD Pin=R60-1
Removed Pin From Net: NetName=UART4_RXD Pin=R62-1
Removed Pin From Net: NetName=4G_LIG Pin=U25-33
Removed Pin From Net: NetName=UART5_RXD Pin=U32-10
Removed Pin From Net: NetName=UART5_TXD Pin=U32-11
Removed Pin From Net: NetName=GND Pin=U34-2
Removed Pin From Net: NetName=PWR_5V Pin=U34-3
Removed Pin From Net: NetName=PWR_3V3 Pin=U34-5
Removed Pin From Net: NetName=GND Pin=U36-3
Removed Member From Class: ClassName=G3-Sensor Member=C85
Removed Member From Class: ClassName=G3-Sensor Member=C86
Removed Member From Class: ClassName=G3-Sensor Member=C87
Removed Member From Class: ClassName=G3-Sensor Member=C88
Removed Member From Class: ClassName=G3-Sensor Member=R64
Removed Member From Class: ClassName=G3-Sensor Member=U35
Removed Member From Class: ClassName=G3-Sensor Member=U36
Change Component Footprint: Designator=Q1 Old Footprint= New Footprint=NPN3904
Change Component Footprint: Designator=Q2 Old Footprint= New Footprint=NPN3904
Change Component Footprint: Designator=Q3 Old Footprint= New Footprint=NPN3904
Change Component Footprint: Designator=U28 Old Footprint=L76K New Footprint=L76B
Change Component Footprint: Designator=U29 Old Footprint=MAX3485 New Footprint=SP3485
Change Component Footprint: Designator=U34 Old Footprint=TJA1042T New Footprint=CONNECTOR_3P
Change Component Comment : Designator=R60 Old Comment=0Ω New Comment=2.2KΩ 0402
Change Component Comment : Designator=R36 Old Comment=1KΩ New Comment=47KΩ 0402
Change Component Comment : Designator=R17 Old Comment=4.7KΩ New Comment=1KΩ 0402
Change Component Comment : Designator=R61 Old Comment=4.7KΩ New Comment=10KΩ
Change Component Comment : Designator=R18 Old Comment=47KΩ New Comment=4.7KΩ 0402
Change Component Comment : Designator=R63 Old Comment=60.4Ω New Comment=0Ω
Change Component Comment : Designator=C84 Old Comment=100nF New Comment=10nF 0402
Change Component Comment : Designator=U28 Old Comment=L76K New Comment=L76B
Change Component Comment : Designator=D10 Old Comment=LED_RED New Comment=LED_BLUE
Change Component Comment : Designator=U29 Old Comment=MAX3485 New Comment=SP3485
Change Component Comment : Designator=U34 Old Comment=TJA1042T/3 New Comment=Connector_3P
Change component parameters: Designator = "C84" ("C84"); Footprint = "0402_C"; UniqueID = "\RJVWQBDO" ("\RJVWQBDO")
Change component parameters (AddParameter): Name = "ComponentLink1Description"; Value = "供应商链接"; VariantName = "[No Variations]"
Change component parameters (AddParameter): Name = "ComponentLink1URL"; Value = "http://www.szlcsc.com/product/details_15869.html"; VariantName = "[No Variations]"
Change component parameters (AddParameter): Name = "Notepad"; Value = ""; VariantName = "[No Variations]"
Change component parameters (AddParameter): Name = "Package"; Value = "0402"; VariantName = "[No Variations]"
Change component parameters (AddParameter): Name = "Supplier"; Value = "LC"; VariantName = "[No Variations]"
Change component parameters (AddParameter): Name = "SuppliersPartNumber"; Value = "C15195"; VariantName = "[No Variations]"
Change component parameters: Designator = "R17" ("R17"); Footprint = "0402_R"; UniqueID = "\MYKXCAVB" ("\MYKXCAVB")
Change component parameters (AddParameter): Name = "ComponentLink1Description"; Value = "供应商链接"; VariantName = "[No Variations]"
Change component parameters (AddParameter): Name = "ComponentLink1URL"; Value = "http://www.szlcsc.com/product/details_12256.html"; VariantName = "[No Variations]"
Change component parameters (AddParameter): Name = "Notepad"; Value = ""; VariantName = "[No Variations]"
Change component parameters (AddParameter): Name = "Package"; Value = "0402"; VariantName = "[No Variations]"
Change component parameters (AddParameter): Name = "Supplier"; Value = "LC"; VariantName = "[No Variations]"
Change component parameters (AddParameter): Name = "SuppliersPartNumber"; Value = "C11702"; VariantName = "[No Variations]"
Change component parameters: Designator = "R18" ("R18"); Footprint = "0402_R"; UniqueID = "\GEPGFOBB" ("\GEPGFOBB")
Change component parameters (AddParameter): Name = "ComponentLink1Description"; Value = "供应商链接"; VariantName = "[No Variations]"
Change component parameters (AddParameter): Name = "ComponentLink1URL"; Value = "http://www.szlcsc.com/product/details_26643.html"; VariantName = "[No Variations]"
Change component parameters (AddParameter): Name = "Notepad"; Value = ""; VariantName = "[No Variations]"
Change component parameters (AddParameter): Name = "Package"; Value = "0402"; VariantName = "[No Variations]"
Change component parameters (AddParameter): Name = "Supplier"; Value = "LC"; VariantName = "[No Variations]"
Change component parameters (AddParameter): Name = "SuppliersPartNumber"; Value = "C25900"; VariantName = "[No Variations]"
Change component parameters: Designator = "R36" ("R36"); Footprint = "0402_R"; UniqueID = "\JIHJFPRY" ("\JIHJFPRY")
Change component parameters (AddParameter): Name = "ComponentLink1Description"; Value = "供应商链接"; VariantName = "[No Variations]"
Change component parameters (AddParameter): Name = "ComponentLink1URL"; Value = "http://www.szlcsc.com/product/details_26535.html"; VariantName = "[No Variations]"
Change component parameters (AddParameter): Name = "Notepad"; Value = ""; VariantName = "[No Variations]"
Change component parameters (AddParameter): Name = "Package"; Value = "0402"; VariantName = "[No Variations]"
Change component parameters (AddParameter): Name = "Supplier"; Value = "LC"; VariantName = "[No Variations]"
Change component parameters (AddParameter): Name = "SuppliersPartNumber"; Value = "C25792"; VariantName = "[No Variations]"
Change component parameters: Designator = "R60" ("R60"); Footprint = "0402_R"; UniqueID = "\UAUVNOXQ" ("\UAUVNOXQ")
Change component parameters (AddParameter): Name = "ComponentLink1Description"; Value = "供应商链接"; VariantName = "[No Variations]"
Change component parameters (AddParameter): Name = "ComponentLink1URL"; Value = "http://www.szlcsc.com/product/details_26622.html"; VariantName = "[No Variations]"
Change component parameters (AddParameter): Name = "Notepad"; Value = ""; VariantName = "[No Variations]"
Change component parameters (AddParameter): Name = "Package"; Value = "0402"; VariantName = "[No Variations]"
Change component parameters (AddParameter): Name = "Supplier"; Value = "LC"; VariantName = "[No Variations]"
Change component parameters (AddParameter): Name = "SuppliersPartNumber"; Value = "C25879"; VariantName = "[No Variations]"
Change component parameters: Designator = "R61" ("R61"); Footprint = "0402_R"; UniqueID = "\KEZASYAH" ("\KEZASYAH")
Change component parameters (AddParameter): Name = "ComponentLink1Description"; Value = "供应商链接"; VariantName = "[No Variations]"
Change component parameters (AddParameter): Name = "ComponentLink1URL"; Value = "http://www.szlcsc.com/product/details_26487.html"; VariantName = "[No Variations]"
Change component parameters (AddParameter): Name = "Notepad"; Value = ""; VariantName = "[No Variations]"
Change component parameters (AddParameter): Name = "Package"; Value = "0402"; VariantName = "[No Variations]"
Change component parameters (AddParameter): Name = "Supplier"; Value = "LC"; VariantName = "[No Variations]"
Change component parameters (AddParameter): Name = "SuppliersPartNumber"; Value = "C25744"; VariantName = "[No Variations]"
Change component parameters: Designator = "R63" ("R63"); Footprint = "0402_R"; UniqueID = "\FFDIQBGT" ("\FFDIQBGT")
Change component parameters (AddParameter): Name = "ComponentLink1Description"; Value = "供应商链接"; VariantName = "[No Variations]"
Change component parameters (AddParameter): Name = "ComponentLink1URL"; Value = "http://www.szlcsc.com/product/details_17853.html"; VariantName = "[No Variations]"
Change component parameters (AddParameter): Name = "Notepad"; Value = ""; VariantName = "[No Variations]"
Change component parameters (AddParameter): Name = "Package"; Value = "0402"; VariantName = "[No Variations]"
Change component parameters (AddParameter): Name = "Supplier"; Value = "LC"; VariantName = "[No Variations]"
Change component parameters (AddParameter): Name = "SuppliersPartNumber"; Value = "C17168"; VariantName = "[No Variations]"
Added Component: Designator=C124(CASE-B_3528)
Add component (AddParameter): Name = "ComponentLink1Description"; Value = "供应商链接"; VariantName = "[No Variations]"
Add component (AddParameter): Name = "ComponentLink1URL"; Value = "http://www.szlcsc.com/product/details_16815.html"; VariantName = "[No Variations]"
Add component (AddParameter): Name = "Notepad"; Value = ""; VariantName = "[No Variations]"
Add component (AddParameter): Name = "Package"; Value = "3528"; VariantName = "[No Variations]"
Add component (AddParameter): Name = "Supplier"; Value = "LC"; VariantName = "[No Variations]"
Add component (AddParameter): Name = "SuppliersPartNumber"; Value = "C16133"; VariantName = "[No Variations]"
Added Component: Designator=Q4(NPN3904)
Add component (AddParameter): Name = "Availability"; Value = "Unavailable"; VariantName = "[No Variations]"
Add component (AddParameter): Name = "MF"; Value = "ON Semiconductor"; VariantName = "[No Variations]"
Add component (AddParameter): Name = "MP"; Value = "MMBT3904LT1G"; VariantName = "[No Variations]"
Add component (AddParameter): Name = "Package"; Value = "SOT-23-3 NXP Semiconductors"; VariantName = "[No Variations]"
Add component (AddParameter): Name = "Price"; Value = "None"; VariantName = "[No Variations]"
Add component (AddParameter): Name = "SnapEDA_Link"; Value = "https://www.snapeda.com/parts/MMBT3904LT1G/ON%20Semiconductor/view-part/587490/?ref=snap"; VariantName = "[No Variations]"
Add component (AddParameter): Name = "Value"; Value = ""; VariantName = "[No Variations]"
Added Pin To Net: NetName=PWR_3V4 Pin=C124-1
Added Pin To Net: NetName=GND Pin=C124-2
Added Pin To Net: NetName=GND Pin=Q1-E
Added Pin To Net: NetName=GND Pin=Q2-E
Added Pin To Net: NetName=PWR_3V3 Pin=Q3-C
Added Pin To Net: NetName=GND Pin=Q4-B
Added Pin To Net: NetName=433_LIG Pin=R18-1
Added Pin To Net: NetName=GND Pin=R18-2
Added Pin To Net: NetName=GND Pin=R36-1
Added Pin To Net: NetName=NetD10_1 Pin=R60-1
Added Pin To Net: NetName=PWR_3V3 Pin=R60-2
Added Pin To Net: NetName=NetR50_1 Pin=R61-1
Added Pin To Net: NetName=UART5_RXD Pin=R62-2
Added Pin To Net: NetName=UART5_TXD Pin=R63-2
Added Pin To Net: NetName=4G_LIG Pin=U25-32
Added Pin To Net: NetName=UART4_RXD Pin=U34-1
Added Pin To Net: NetName=UART4_TXD Pin=U34-2
Added Pin To Net: NetName=GND Pin=U34-3
Added Pin To Net: NetName=GND Pin=U42-12
Change Net Name : Old Net Name=PWR_3V4 New Net Name=PWR_3V8
Added Pin To Net: NetName=NetC84_2 Pin=C84-2
Added Pin To Net: NetName=NetC84_2 Pin=Q1-B
Added Pin To Net: NetName=NetC84_2 Pin=R17-2
Added Net: Name=NetC84_2
Added Pin To Net: NetName=NetD10_2 Pin=D10-2
Added Pin To Net: NetName=NetD10_2 Pin=Q4-C
Added Net: Name=NetD10_2
Added Pin To Net: NetName=NetQ1_C Pin=Q1-C
Added Pin To Net: NetName=NetQ1_C Pin=U25-22
Added Net: Name=NetQ1_C
Added Pin To Net: NetName=NetQ2_B Pin=Q2-B
Added Pin To Net: NetName=NetQ2_B Pin=R58-2
Added Pin To Net: NetName=NetQ2_B Pin=R59-2
Added Net: Name=NetQ2_B
Added Pin To Net: NetName=NetQ2_C Pin=Q2-C
Added Pin To Net: NetName=NetQ2_C Pin=U28-9
Added Net: Name=NetQ2_C
Added Pin To Net: NetName=NetQ3_B Pin=Q3-B
Added Pin To Net: NetName=NetQ3_B Pin=R40-1
Added Net: Name=NetQ3_B
Added Pin To Net: NetName=NetQ3_E Pin=Q3-E
Added Pin To Net: NetName=NetQ3_E Pin=R71-2
Added Net: Name=NetQ3_E
Added Pin To Net: NetName=NetQ4_E Pin=Q4-E
Added Pin To Net: NetName=NetQ4_E Pin=R36-2
Added Net: Name=NetQ4_E
Added Pin To Net: NetName=NetR62_1 Pin=R62-1
Added Pin To Net: NetName=NetR62_1 Pin=U32-11
Added Net: Name=NetR62_1
Added Pin To Net: NetName=NetR63_1 Pin=R63-1
Added Pin To Net: NetName=NetR63_1 Pin=U32-10
Added Net: Name=NetR63_1
Added Member To Class: ClassName=G3-Sensor Member=Component C124 100uF
Added Member To Class: ClassName=G3-Sensor Member=Component Q4 NPN3904
